CRITICAL - 2022-02-28 12:44:25 --> syntax error, unexpected 'user_id' (T_STRING), expecting ')'
#0 C:\xampp\htdocs\afil\system\View\View.php(217): CodeIgniter\View\View->CodeIgniter\View\{closure}()
#1 C:\xampp\htdocs\afil\system\View\View.php(432): CodeIgniter\View\View->render('modals/change_p...', NULL, true)
#2 C:\xampp\htdocs\afil\app\Views\users\profile.php(27): CodeIgniter\View\View->include('modals/change_p...')
#3 C:\xampp\htdocs\afil\system\View\View.php(214): include('C:\\xampp\\htdocs...')
#4 C:\xampp\htdocs\afil\system\View\View.php(217): CodeIgniter\View\View->CodeIgniter\View\{closure}()
#5 C:\xampp\htdocs\afil\system\Common.php(1097): CodeIgniter\View\View->render('users/profile', Array, true)
#6 C:\xampp\htdocs\afil\app\Controllers\User.php(201): view('users/profile', Array)
#7 C:\xampp\htdocs\afil\system\CodeIgniter.php(824): App\Controllers\User->user_profile('2')
#8 C:\xampp\htdocs\afil\system\CodeIgniter.php(410): CodeIgniter\CodeIgniter->runController(Object(App\Controllers\User))
#9 C:\xampp\htdocs\afil\system\CodeIgniter.php(318): CodeIgniter\CodeIgniter->handleRequest(NULL, Object(Config\Cache), false)
#10 C:\xampp\htdocs\afil\index.php(37): CodeIgniter\CodeIgniter->run()
#11 {main}
CRITICAL - 2022-02-28 12:45:27 --> syntax error, unexpected '<'
#0 C:\xampp\htdocs\afil\system\View\View.php(217): CodeIgniter\View\View->CodeIgniter\View\{closure}()
#1 C:\xampp\htdocs\afil\system\View\View.php(432): CodeIgniter\View\View->render('modals/change_p...', NULL, true)
#2 C:\xampp\htdocs\afil\app\Views\users\profile.php(27): CodeIgniter\View\View->include('modals/change_p...')
#3 C:\xampp\htdocs\afil\system\View\View.php(214): include('C:\\xampp\\htdocs...')
#4 C:\xampp\htdocs\afil\system\View\View.php(217): CodeIgniter\View\View->CodeIgniter\View\{closure}()
#5 C:\xampp\htdocs\afil\system\Common.php(1097): CodeIgniter\View\View->render('users/profile', Array, true)
#6 C:\xampp\htdocs\afil\app\Controllers\User.php(201): view('users/profile', Array)
#7 C:\xampp\htdocs\afil\system\CodeIgniter.php(824): App\Controllers\User->user_profile('2')
#8 C:\xampp\htdocs\afil\system\CodeIgniter.php(410): CodeIgniter\CodeIgniter->runController(Object(App\Controllers\User))
#9 C:\xampp\htdocs\afil\system\CodeIgniter.php(318): CodeIgniter\CodeIgniter->handleRequest(NULL, Object(Config\Cache), false)
#10 C:\xampp\htdocs\afil\index.php(37): CodeIgniter\CodeIgniter->run()
#11 {main}
CRITICAL - 2022-02-28 12:49:15 --> Undefined variable: data
#0 C:\xampp\htdocs\afil\app\Models\UserModel.php(67): CodeIgniter\Debug\Exceptions->errorHandler(8, 'Undefined varia...', 'C:\\xampp\\htdocs...', 67, Array)
#1 C:\xampp\htdocs\afil\app\Controllers\FileUpload.php(48): App\Models\UserModel->profile_upload(Array)
#2 C:\xampp\htdocs\afil\system\CodeIgniter.php(824): App\Controllers\FileUpload->profile_upload('2')
#3 C:\xampp\htdocs\afil\system\CodeIgniter.php(410): CodeIgniter\CodeIgniter->runController(Object(App\Controllers\FileUpload))
#4 C:\xampp\htdocs\afil\system\CodeIgniter.php(318): CodeIgniter\CodeIgniter->handleRequest(NULL, Object(Config\Cache), false)
#5 C:\xampp\htdocs\afil\index.php(37): CodeIgniter\CodeIgniter->run()
#6 {main}
CRITICAL - 2022-02-28 12:51:03 --> Use of undefined constant user_info - assumed 'user_info' (this will throw an Error in a future version of PHP)
#0 C:\xampp\htdocs\afil\app\Views\users\profile.php(20): CodeIgniter\Debug\Exceptions->errorHandler(2, 'Use of undefine...', 'C:\\xampp\\htdocs...', 20, Array)
#1 C:\xampp\htdocs\afil\system\View\View.php(214): include('C:\\xampp\\htdocs...')
#2 C:\xampp\htdocs\afil\system\View\View.php(217): CodeIgniter\View\View->CodeIgniter\View\{closure}()
#3 C:\xampp\htdocs\afil\system\Common.php(1097): CodeIgniter\View\View->render('users/profile', Array, true)
#4 C:\xampp\htdocs\afil\app\Controllers\User.php(201): view('users/profile', Array)
#5 C:\xampp\htdocs\afil\system\CodeIgniter.php(824): App\Controllers\User->user_profile('2')
#6 C:\xampp\htdocs\afil\system\CodeIgniter.php(410): CodeIgniter\CodeIgniter->runController(Object(App\Controllers\User))
#7 C:\xampp\htdocs\afil\system\CodeIgniter.php(318): CodeIgniter\CodeIgniter->handleRequest(NULL, Object(Config\Cache), false)
#8 C:\xampp\htdocs\afil\index.php(37): CodeIgniter\CodeIgniter->run()
#9 {main}
CRITICAL - 2022-02-28 13:15:58 --> syntax error, unexpected ','
#0 C:\xampp\htdocs\afil\system\View\View.php(217): CodeIgniter\View\View->CodeIgniter\View\{closure}()
#1 C:\xampp\htdocs\afil\system\Common.php(1097): CodeIgniter\View\View->render('users/view', Array, true)
#2 C:\xampp\htdocs\afil\app\Controllers\User.php(170): view('users/view', Array)
#3 C:\xampp\htdocs\afil\system\CodeIgniter.php(824): App\Controllers\User->view()
#4 C:\xampp\htdocs\afil\system\CodeIgniter.php(410): CodeIgniter\CodeIgniter->runController(Object(App\Controllers\User))
#5 C:\xampp\htdocs\afil\system\CodeIgniter.php(318): CodeIgniter\CodeIgniter->handleRequest(NULL, Object(Config\Cache), false)
#6 C:\xampp\htdocs\afil\index.php(37): CodeIgniter\CodeIgniter->run()
#7 {main}
CRITICAL - 2022-02-28 13:33:44 --> Undefined index: role_id
#0 C:\xampp\htdocs\afil\app\Views\users\profile.php(28): CodeIgniter\Debug\Exceptions->errorHandler(8, 'Undefined index...', 'C:\\xampp\\htdocs...', 28, Array)
#1 C:\xampp\htdocs\afil\system\View\View.php(214): include('C:\\xampp\\htdocs...')
#2 C:\xampp\htdocs\afil\system\View\View.php(217): CodeIgniter\View\View->CodeIgniter\View\{closure}()
#3 C:\xampp\htdocs\afil\system\Common.php(1097): CodeIgniter\View\View->render('users/profile', Array, true)
#4 C:\xampp\htdocs\afil\app\Controllers\User.php(203): view('users/profile', Array)
#5 C:\xampp\htdocs\afil\system\CodeIgniter.php(824): App\Controllers\User->user_profile('2')
#6 C:\xampp\htdocs\afil\system\CodeIgniter.php(410): CodeIgniter\CodeIgniter->runController(Object(App\Controllers\User))
#7 C:\xampp\htdocs\afil\system\CodeIgniter.php(318): CodeIgniter\CodeIgniter->handleRequest(NULL, Object(Config\Cache), false)
#8 C:\xampp\htdocs\afil\index.php(37): CodeIgniter\CodeIgniter->run()
#9 {main}
CRITICAL - 2022-02-28 13:46:56 --> Undefined index: role_id
#0 C:\xampp\htdocs\afil\app\Views\users\profile.php(29): CodeIgniter\Debug\Exceptions->errorHandler(8, 'Undefined index...', 'C:\\xampp\\htdocs...', 29, Array)
#1 C:\xampp\htdocs\afil\system\View\View.php(214): include('C:\\xampp\\htdocs...')
#2 C:\xampp\htdocs\afil\system\View\View.php(217): CodeIgniter\View\View->CodeIgniter\View\{closure}()
#3 C:\xampp\htdocs\afil\system\Common.php(1097): CodeIgniter\View\View->render('users/profile', Array, true)
#4 C:\xampp\htdocs\afil\app\Controllers\User.php(203): view('users/profile', Array)
#5 C:\xampp\htdocs\afil\system\CodeIgniter.php(824): App\Controllers\User->user_profile('2')
#6 C:\xampp\htdocs\afil\system\CodeIgniter.php(410): CodeIgniter\CodeIgniter->runController(Object(App\Controllers\User))
#7 C:\xampp\htdocs\afil\system\CodeIgniter.php(318): CodeIgniter\CodeIgniter->handleRequest(NULL, Object(Config\Cache), false)
#8 C:\xampp\htdocs\afil\index.php(37): CodeIgniter\CodeIgniter->run()
#9 {main}
CRITICAL - 2022-02-28 14:22:18 --> Invalid file: modals/add_user_role.php
#0 C:\xampp\htdocs\afil\system\View\View.php(198): CodeIgniter\Exceptions\FrameworkException::forInvalidFile('modals/add_user...')
#1 C:\xampp\htdocs\afil\system\View\View.php(432): CodeIgniter\View\View->render('modals/add_user...', NULL, true)
#2 C:\xampp\htdocs\afil\app\Views\users\add.php(17): CodeIgniter\View\View->include('modals/add_user...')
#3 C:\xampp\htdocs\afil\system\View\View.php(214): include('C:\\xampp\\htdocs...')
#4 C:\xampp\htdocs\afil\system\View\View.php(217): CodeIgniter\View\View->CodeIgniter\View\{closure}()
#5 C:\xampp\htdocs\afil\system\Common.php(1097): CodeIgniter\View\View->render('users/add', Array, true)
#6 C:\xampp\htdocs\afil\app\Controllers\User.php(62): view('users/add', Array)
#7 C:\xampp\htdocs\afil\system\CodeIgniter.php(824): App\Controllers\User->create()
#8 C:\xampp\htdocs\afil\system\CodeIgniter.php(410): CodeIgniter\CodeIgniter->runController(Object(App\Controllers\User))
#9 C:\xampp\htdocs\afil\system\CodeIgniter.php(318): CodeIgniter\CodeIgniter->handleRequest(NULL, Object(Config\Cache), false)
#10 C:\xampp\htdocs\afil\index.php(37): CodeIgniter\CodeIgniter->run()
#11 {main}
CRITICAL - 2022-02-28 14:22:27 --> Invalid file: modals/add_user_role.php
#0 C:\xampp\htdocs\afil\system\View\View.php(198): CodeIgniter\Exceptions\FrameworkException::forInvalidFile('modals/add_user...')
#1 C:\xampp\htdocs\afil\system\View\View.php(432): CodeIgniter\View\View->render('modals/add_user...', NULL, true)
#2 C:\xampp\htdocs\afil\app\Views\users\add.php(17): CodeIgniter\View\View->include('modals/add_user...')
#3 C:\xampp\htdocs\afil\system\View\View.php(214): include('C:\\xampp\\htdocs...')
#4 C:\xampp\htdocs\afil\system\View\View.php(217): CodeIgniter\View\View->CodeIgniter\View\{closure}()
#5 C:\xampp\htdocs\afil\system\Common.php(1097): CodeIgniter\View\View->render('users/add', Array, true)
#6 C:\xampp\htdocs\afil\app\Controllers\User.php(62): view('users/add', Array)
#7 C:\xampp\htdocs\afil\system\CodeIgniter.php(824): App\Controllers\User->create()
#8 C:\xampp\htdocs\afil\system\CodeIgniter.php(410): CodeIgniter\CodeIgniter->runController(Object(App\Controllers\User))
#9 C:\xampp\htdocs\afil\system\CodeIgniter.php(318): CodeIgniter\CodeIgniter->handleRequest(NULL, Object(Config\Cache), false)
#10 C:\xampp\htdocs\afil\index.php(37): CodeIgniter\CodeIgniter->run()
#11 {main}
CRITICAL - 2022-02-28 14:22:40 --> Invalid file: modals/add_user_role.php
#0 C:\xampp\htdocs\afil\system\View\View.php(198): CodeIgniter\Exceptions\FrameworkException::forInvalidFile('modals/add_user...')
#1 C:\xampp\htdocs\afil\system\View\View.php(432): CodeIgniter\View\View->render('modals/add_user...', NULL, true)
#2 C:\xampp\htdocs\afil\app\Views\users\add.php(17): CodeIgniter\View\View->include('modals/add_user...')
#3 C:\xampp\htdocs\afil\system\View\View.php(214): include('C:\\xampp\\htdocs...')
#4 C:\xampp\htdocs\afil\system\View\View.php(217): CodeIgniter\View\View->CodeIgniter\View\{closure}()
#5 C:\xampp\htdocs\afil\system\Common.php(1097): CodeIgniter\View\View->render('users/add', Array, true)
#6 C:\xampp\htdocs\afil\app\Controllers\User.php(62): view('users/add', Array)
#7 C:\xampp\htdocs\afil\system\CodeIgniter.php(824): App\Controllers\User->create()
#8 C:\xampp\htdocs\afil\system\CodeIgniter.php(410): CodeIgniter\CodeIgniter->runController(Object(App\Controllers\User))
#9 C:\xampp\htdocs\afil\system\CodeIgniter.php(318): CodeIgniter\CodeIgniter->handleRequest(NULL, Object(Config\Cache), false)
#10 C:\xampp\htdocs\afil\index.php(37): CodeIgniter\CodeIgniter->run()
#11 {main}
CRITICAL - 2022-02-28 15:29:42 --> Cannot redeclare App\Models\SettingsModel::allBusiness()
#0 [internal function]: CodeIgniter\Debug\Exceptions->shutdownHandler()
#1 {main}
CRITICAL - 2022-02-28 15:33:50 --> Undefined variable: user_info
#0 C:\xampp\htdocs\afil\app\Views\modals\change_profile_pic.php(8): CodeIgniter\Debug\Exceptions->errorHandler(8, 'Undefined varia...', 'C:\\xampp\\htdocs...', 8, Array)
#1 C:\xampp\htdocs\afil\system\View\View.php(214): include('C:\\xampp\\htdocs...')
#2 C:\xampp\htdocs\afil\system\View\View.php(217): CodeIgniter\View\View->CodeIgniter\View\{closure}()
#3 C:\xampp\htdocs\afil\system\View\View.php(432): CodeIgniter\View\View->render('modals/change_p...', NULL, true)
#4 C:\xampp\htdocs\afil\app\Views\settings\index.php(240): CodeIgniter\View\View->include('modals/change_p...')
#5 C:\xampp\htdocs\afil\system\View\View.php(214): include('C:\\xampp\\htdocs...')
#6 C:\xampp\htdocs\afil\system\View\View.php(217): CodeIgniter\View\View->CodeIgniter\View\{closure}()
#7 C:\xampp\htdocs\afil\system\Common.php(1097): CodeIgniter\View\View->render('settings/index', Array, true)
#8 C:\xampp\htdocs\afil\app\Controllers\Settings.php(27): view('settings/index', Array)
#9 C:\xampp\htdocs\afil\system\CodeIgniter.php(824): App\Controllers\Settings->index()
#10 C:\xampp\htdocs\afil\system\CodeIgniter.php(410): CodeIgniter\CodeIgniter->runController(Object(App\Controllers\Settings))
#11 C:\xampp\htdocs\afil\system\CodeIgniter.php(318): CodeIgniter\CodeIgniter->handleRequest(NULL, Object(Config\Cache), false)
#12 C:\xampp\htdocs\afil\index.php(37): CodeIgniter\CodeIgniter->run()
#13 {main}
CRITICAL - 2022-02-28 15:43:10 --> preg_match(): Compilation failed: unmatched closing parenthesis at offset 12
#0 [internal function]: CodeIgniter\Debug\Exceptions->errorHandler(2, 'preg_match(): C...', 'C:\\xampp\\htdocs...', 385, Array)
#1 C:\xampp\htdocs\afil\system\Router\Router.php(385): preg_match('#^addBusiness)$...', 'public/assets/f...', Array)
#2 C:\xampp\htdocs\afil\system\Router\Router.php(155): CodeIgniter\Router\Router->checkRoutes('public/assets/f...')
#3 C:\xampp\htdocs\afil\system\CodeIgniter.php(718): CodeIgniter\Router\Router->handle('/public/assets/...')
#4 C:\xampp\htdocs\afil\system\CodeIgniter.php(359): CodeIgniter\CodeIgniter->tryToRouteIt(Object(CodeIgniter\Router\RouteCollection))
#5 C:\xampp\htdocs\afil\system\CodeIgniter.php(318): CodeIgniter\CodeIgniter->handleRequest(NULL, Object(Config\Cache), false)
#6 C:\xampp\htdocs\afil\index.php(37): CodeIgniter\CodeIgniter->run()
#7 {main}
CRITICAL - 2022-02-28 15:43:10 --> preg_match(): Compilation failed: unmatched closing parenthesis at offset 12
#0 [internal function]: CodeIgniter\Debug\Exceptions->errorHandler(2, 'preg_match(): C...', 'C:\\xampp\\htdocs...', 385, Array)
#1 C:\xampp\htdocs\afil\system\Router\Router.php(385): preg_match('#^addBusiness)$...', 'public/assets/f...', Array)
#2 C:\xampp\htdocs\afil\system\Router\Router.php(155): CodeIgniter\Router\Router->checkRoutes('public/assets/f...')
#3 C:\xampp\htdocs\afil\system\CodeIgniter.php(718): CodeIgniter\Router\Router->handle('/public/assets/...')
#4 C:\xampp\htdocs\afil\system\CodeIgniter.php(359): CodeIgniter\CodeIgniter->tryToRouteIt(Object(CodeIgniter\Router\RouteCollection))
#5 C:\xampp\htdocs\afil\system\CodeIgniter.php(318): CodeIgniter\CodeIgniter->handleRequest(NULL, Object(Config\Cache), false)
#6 C:\xampp\htdocs\afil\index.php(37): CodeIgniter\CodeIgniter->run()
#7 {main}
CRITICAL - 2022-02-28 15:43:24 --> preg_match(): Compilation failed: unmatched closing parenthesis at offset 12
#0 [internal function]: CodeIgniter\Debug\Exceptions->errorHandler(2, 'preg_match(): C...', 'C:\\xampp\\htdocs...', 385, Array)
#1 C:\xampp\htdocs\afil\system\Router\Router.php(385): preg_match('#^addBusiness)$...', 'addBusiness', Array)
#2 C:\xampp\htdocs\afil\system\Router\Router.php(155): CodeIgniter\Router\Router->checkRoutes('addBusiness')
#3 C:\xampp\htdocs\afil\system\CodeIgniter.php(718): CodeIgniter\Router\Router->handle('/addBusiness')
#4 C:\xampp\htdocs\afil\system\CodeIgniter.php(359): CodeIgniter\CodeIgniter->tryToRouteIt(Object(CodeIgniter\Router\RouteCollection))
#5 C:\xampp\htdocs\afil\system\CodeIgniter.php(318): CodeIgniter\CodeIgniter->handleRequest(NULL, Object(Config\Cache), false)
#6 C:\xampp\htdocs\afil\index.php(37): CodeIgniter\CodeIgniter->run()
#7 {main}
CRITICAL - 2022-02-28 15:45:24 --> preg_match(): Compilation failed: unmatched closing parenthesis at offset 12
#0 [internal function]: CodeIgniter\Debug\Exceptions->errorHandler(2, 'preg_match(): C...', 'C:\\xampp\\htdocs...', 385, Array)
#1 C:\xampp\htdocs\afil\system\Router\Router.php(385): preg_match('#^addBusiness)$...', 'addBusiness', Array)
#2 C:\xampp\htdocs\afil\system\Router\Router.php(155): CodeIgniter\Router\Router->checkRoutes('addBusiness')
#3 C:\xampp\htdocs\afil\system\CodeIgniter.php(718): CodeIgniter\Router\Router->handle('/addBusiness')
#4 C:\xampp\htdocs\afil\system\CodeIgniter.php(359): CodeIgniter\CodeIgniter->tryToRouteIt(Object(CodeIgniter\Router\RouteCollection))
#5 C:\xampp\htdocs\afil\system\CodeIgniter.php(318): CodeIgniter\CodeIgniter->handleRequest(NULL, Object(Config\Cache), false)
#6 C:\xampp\htdocs\afil\index.php(37): CodeIgniter\CodeIgniter->run()
#7 {main}
CRITICAL - 2022-02-28 16:45:41 --> Trying to access array offset on value of type null
#0 C:\xampp\htdocs\afil\system\Controller.php(213): CodeIgniter\Debug\Exceptions->errorHandler(8, 'Trying to acces...', 'C:\\xampp\\htdocs...', 213, Array)
#1 C:\xampp\htdocs\afil\system\CodeIgniter.php(801): CodeIgniter\Controller->__construct()
#2 C:\xampp\htdocs\afil\system\CodeIgniter.php(401): CodeIgniter\CodeIgniter->createController()
#3 C:\xampp\htdocs\afil\system\CodeIgniter.php(318): CodeIgniter\CodeIgniter->handleRequest(NULL, Object(Config\Cache), false)
#4 C:\xampp\htdocs\afil\index.php(37): CodeIgniter\CodeIgniter->run()
#5 {main}
CRITICAL - 2022-02-28 16:48:47 --> Trying to access array offset on value of type null
#0 C:\xampp\htdocs\afil\system\Controller.php(213): CodeIgniter\Debug\Exceptions->errorHandler(8, 'Trying to acces...', 'C:\\xampp\\htdocs...', 213, Array)
#1 C:\xampp\htdocs\afil\system\CodeIgniter.php(801): CodeIgniter\Controller->__construct()
#2 C:\xampp\htdocs\afil\system\CodeIgniter.php(401): CodeIgniter\CodeIgniter->createController()
#3 C:\xampp\htdocs\afil\system\CodeIgniter.php(318): CodeIgniter\CodeIgniter->handleRequest(NULL, Object(Config\Cache), false)
#4 C:\xampp\htdocs\afil\index.php(37): CodeIgniter\CodeIgniter->run()
#5 {main}
CRITICAL - 2022-02-28 16:48:51 --> Trying to access array offset on value of type null
#0 C:\xampp\htdocs\afil\system\Controller.php(213): CodeIgniter\Debug\Exceptions->errorHandler(8, 'Trying to acces...', 'C:\\xampp\\htdocs...', 213, Array)
#1 C:\xampp\htdocs\afil\system\CodeIgniter.php(801): CodeIgniter\Controller->__construct()
#2 C:\xampp\htdocs\afil\system\CodeIgniter.php(401): CodeIgniter\CodeIgniter->createController()
#3 C:\xampp\htdocs\afil\system\CodeIgniter.php(318): CodeIgniter\CodeIgniter->handleRequest(NULL, Object(Config\Cache), false)
#4 C:\xampp\htdocs\afil\index.php(37): CodeIgniter\CodeIgniter->run()
#5 {main}
CRITICAL - 2022-02-28 16:52:30 --> Trying to access array offset on value of type null
#0 C:\xampp\htdocs\afil\system\Controller.php(213): CodeIgniter\Debug\Exceptions->errorHandler(8, 'Trying to acces...', 'C:\\xampp\\htdocs...', 213, Array)
#1 C:\xampp\htdocs\afil\system\CodeIgniter.php(801): CodeIgniter\Controller->__construct()
#2 C:\xampp\htdocs\afil\system\CodeIgniter.php(401): CodeIgniter\CodeIgniter->createController()
#3 C:\xampp\htdocs\afil\system\CodeIgniter.php(318): CodeIgniter\CodeIgniter->handleRequest(NULL, Object(Config\Cache), false)
#4 C:\xampp\htdocs\afil\index.php(37): CodeIgniter\CodeIgniter->run()
#5 {main}
CRITICAL - 2022-02-28 16:52:51 --> Trying to access array offset on value of type null
#0 C:\xampp\htdocs\afil\system\Controller.php(213): CodeIgniter\Debug\Exceptions->errorHandler(8, 'Trying to acces...', 'C:\\xampp\\htdocs...', 213, Array)
#1 C:\xampp\htdocs\afil\system\CodeIgniter.php(801): CodeIgniter\Controller->__construct()
#2 C:\xampp\htdocs\afil\system\CodeIgniter.php(401): CodeIgniter\CodeIgniter->createController()
#3 C:\xampp\htdocs\afil\system\CodeIgniter.php(318): CodeIgniter\CodeIgniter->handleRequest(NULL, Object(Config\Cache), false)
#4 C:\xampp\htdocs\afil\index.php(37): CodeIgniter\CodeIgniter->run()
#5 {main}
CRITICAL - 2022-02-28 16:53:18 --> Trying to access array offset on value of type null
#0 C:\xampp\htdocs\afil\system\Controller.php(213): CodeIgniter\Debug\Exceptions->errorHandler(8, 'Trying to acces...', 'C:\\xampp\\htdocs...', 213, Array)
#1 C:\xampp\htdocs\afil\system\CodeIgniter.php(801): CodeIgniter\Controller->__construct()
#2 C:\xampp\htdocs\afil\system\CodeIgniter.php(401): CodeIgniter\CodeIgniter->createController()
#3 C:\xampp\htdocs\afil\system\CodeIgniter.php(318): CodeIgniter\CodeIgniter->handleRequest(NULL, Object(Config\Cache), false)
#4 C:\xampp\htdocs\afil\index.php(37): CodeIgniter\CodeIgniter->run()
#5 {main}
CRITICAL - 2022-02-28 16:58:58 --> unserialize(): Error at offset 10 of 1495 bytes
#0 [internal function]: CodeIgniter\Debug\Exceptions->errorHandler(8, 'unserialize(): ...', 'C:\\xampp\\htdocs...', 213, Array)
#1 C:\xampp\htdocs\afil\system\Controller.php(213): unserialize('a:56:{i:0;s:12:...')
#2 C:\xampp\htdocs\afil\system\CodeIgniter.php(801): CodeIgniter\Controller->__construct()
#3 C:\xampp\htdocs\afil\system\CodeIgniter.php(401): CodeIgniter\CodeIgniter->createController()
#4 C:\xampp\htdocs\afil\system\CodeIgniter.php(318): CodeIgniter\CodeIgniter->handleRequest(NULL, Object(Config\Cache), false)
#5 C:\xampp\htdocs\afil\index.php(37): CodeIgniter\CodeIgniter->run()
#6 {main}
CRITICAL - 2022-02-28 16:59:46 --> unserialize(): Error at offset 10 of 1495 bytes
#0 [internal function]: CodeIgniter\Debug\Exceptions->errorHandler(8, 'unserialize(): ...', 'C:\\xampp\\htdocs...', 213, Array)
#1 C:\xampp\htdocs\afil\system\Controller.php(213): unserialize('a:56:{i:0;s:12:...')
#2 C:\xampp\htdocs\afil\system\CodeIgniter.php(801): CodeIgniter\Controller->__construct()
#3 C:\xampp\htdocs\afil\system\CodeIgniter.php(401): CodeIgniter\CodeIgniter->createController()
#4 C:\xampp\htdocs\afil\system\CodeIgniter.php(318): CodeIgniter\CodeIgniter->handleRequest(NULL, Object(Config\Cache), false)
#5 C:\xampp\htdocs\afil\index.php(37): CodeIgniter\CodeIgniter->run()
#6 {main}
CRITICAL - 2022-02-28 17:43:21 --> Undefined index: business_name
#0 C:\xampp\htdocs\afil\app\Views\modals\addOutlet.php(20): CodeIgniter\Debug\Exceptions->errorHandler(8, 'Undefined index...', 'C:\\xampp\\htdocs...', 20, Array)
#1 C:\xampp\htdocs\afil\system\View\View.php(214): include('C:\\xampp\\htdocs...')
#2 C:\xampp\htdocs\afil\system\View\View.php(217): CodeIgniter\View\View->CodeIgniter\View\{closure}()
#3 C:\xampp\htdocs\afil\system\View\View.php(432): CodeIgniter\View\View->render('modals/addOutle...', NULL, true)
#4 C:\xampp\htdocs\afil\app\Views\settings\index.php(237): CodeIgniter\View\View->include('modals/addOutle...')
#5 C:\xampp\htdocs\afil\system\View\View.php(214): include('C:\\xampp\\htdocs...')
#6 C:\xampp\htdocs\afil\system\View\View.php(217): CodeIgniter\View\View->CodeIgniter\View\{closure}()
#7 C:\xampp\htdocs\afil\system\Common.php(1097): CodeIgniter\View\View->render('settings/index', Array, true)
#8 C:\xampp\htdocs\afil\app\Controllers\Settings.php(27): view('settings/index', Array)
#9 C:\xampp\htdocs\afil\system\CodeIgniter.php(824): App\Controllers\Settings->index()
#10 C:\xampp\htdocs\afil\system\CodeIgniter.php(410): CodeIgniter\CodeIgniter->runController(Object(App\Controllers\Settings))
#11 C:\xampp\htdocs\afil\system\CodeIgniter.php(318): CodeIgniter\CodeIgniter->handleRequest(NULL, Object(Config\Cache), false)
#12 C:\xampp\htdocs\afil\index.php(37): CodeIgniter\CodeIgniter->run()
#13 {main}
CRITICAL - 2022-02-28 17:44:21 --> Undefined index: business_name
#0 C:\xampp\htdocs\afil\app\Views\modals\addOutlet.php(20): CodeIgniter\Debug\Exceptions->errorHandler(8, 'Undefined index...', 'C:\\xampp\\htdocs...', 20, Array)
#1 C:\xampp\htdocs\afil\system\View\View.php(214): include('C:\\xampp\\htdocs...')
#2 C:\xampp\htdocs\afil\system\View\View.php(217): CodeIgniter\View\View->CodeIgniter\View\{closure}()
#3 C:\xampp\htdocs\afil\system\View\View.php(432): CodeIgniter\View\View->render('modals/addOutle...', NULL, true)
#4 C:\xampp\htdocs\afil\app\Views\settings\index.php(237): CodeIgniter\View\View->include('modals/addOutle...')
#5 C:\xampp\htdocs\afil\system\View\View.php(214): include('C:\\xampp\\htdocs...')
#6 C:\xampp\htdocs\afil\system\View\View.php(217): CodeIgniter\View\View->CodeIgniter\View\{closure}()
#7 C:\xampp\htdocs\afil\system\Common.php(1097): CodeIgniter\View\View->render('settings/index', Array, true)
#8 C:\xampp\htdocs\afil\app\Controllers\Settings.php(27): view('settings/index', Array)
#9 C:\xampp\htdocs\afil\system\CodeIgniter.php(824): App\Controllers\Settings->index()
#10 C:\xampp\htdocs\afil\system\CodeIgniter.php(410): CodeIgniter\CodeIgniter->runController(Object(App\Controllers\Settings))
#11 C:\xampp\htdocs\afil\system\CodeIgniter.php(318): CodeIgniter\CodeIgniter->handleRequest(NULL, Object(Config\Cache), false)
#12 C:\xampp\htdocs\afil\index.php(37): CodeIgniter\CodeIgniter->run()
#13 {main}
CRITICAL - 2022-02-28 17:44:38 --> Undefined variable: serialize_permission
#0 C:\xampp\htdocs\afil\app\Views\modals\addOutlet.php(32): CodeIgniter\Debug\Exceptions->errorHandler(8, 'Undefined varia...', 'C:\\xampp\\htdocs...', 32, Array)
#1 C:\xampp\htdocs\afil\system\View\View.php(214): include('C:\\xampp\\htdocs...')
#2 C:\xampp\htdocs\afil\system\View\View.php(217): CodeIgniter\View\View->CodeIgniter\View\{closure}()
#3 C:\xampp\htdocs\afil\system\View\View.php(432): CodeIgniter\View\View->render('modals/addOutle...', NULL, true)
#4 C:\xampp\htdocs\afil\app\Views\settings\index.php(237): CodeIgniter\View\View->include('modals/addOutle...')
#5 C:\xampp\htdocs\afil\system\View\View.php(214): include('C:\\xampp\\htdocs...')
#6 C:\xampp\htdocs\afil\system\View\View.php(217): CodeIgniter\View\View->CodeIgniter\View\{closure}()
#7 C:\xampp\htdocs\afil\system\Common.php(1097): CodeIgniter\View\View->render('settings/index', Array, true)
#8 C:\xampp\htdocs\afil\app\Controllers\Settings.php(27): view('settings/index', Array)
#9 C:\xampp\htdocs\afil\system\CodeIgniter.php(824): App\Controllers\Settings->index()
#10 C:\xampp\htdocs\afil\system\CodeIgniter.php(410): CodeIgniter\CodeIgniter->runController(Object(App\Controllers\Settings))
#11 C:\xampp\htdocs\afil\system\CodeIgniter.php(318): CodeIgniter\CodeIgniter->handleRequest(NULL, Object(Config\Cache), false)
#12 C:\xampp\htdocs\afil\index.php(37): CodeIgniter\CodeIgniter->run()
#13 {main}
CRITICAL - 2022-02-28 17:54:16 --> Undefined index: outlet_businesses
#0 C:\xampp\htdocs\afil\app\Views\settings\index.php(258): CodeIgniter\Debug\Exceptions->errorHandler(8, 'Undefined index...', 'C:\\xampp\\htdocs...', 258, Array)
#1 C:\xampp\htdocs\afil\system\View\View.php(214): include('C:\\xampp\\htdocs...')
#2 C:\xampp\htdocs\afil\system\View\View.php(217): CodeIgniter\View\View->CodeIgniter\View\{closure}()
#3 C:\xampp\htdocs\afil\system\Common.php(1097): CodeIgniter\View\View->render('settings/index', Array, true)
#4 C:\xampp\htdocs\afil\app\Controllers\Settings.php(27): view('settings/index', Array)
#5 C:\xampp\htdocs\afil\system\CodeIgniter.php(824): App\Controllers\Settings->index()
#6 C:\xampp\htdocs\afil\system\CodeIgniter.php(410): CodeIgniter\CodeIgniter->runController(Object(App\Controllers\Settings))
#7 C:\xampp\htdocs\afil\system\CodeIgniter.php(318): CodeIgniter\CodeIgniter->handleRequest(NULL, Object(Config\Cache), false)
#8 C:\xampp\htdocs\afil\index.php(37): CodeIgniter\CodeIgniter->run()
#9 {main}
CRITICAL - 2022-02-28 17:57:25 --> Undefined index: outlet_businesses
#0 C:\xampp\htdocs\afil\app\Views\settings\index.php(258): CodeIgniter\Debug\Exceptions->errorHandler(8, 'Undefined index...', 'C:\\xampp\\htdocs...', 258, Array)
#1 C:\xampp\htdocs\afil\system\View\View.php(214): include('C:\\xampp\\htdocs...')
#2 C:\xampp\htdocs\afil\system\View\View.php(217): CodeIgniter\View\View->CodeIgniter\View\{closure}()
#3 C:\xampp\htdocs\afil\system\Common.php(1097): CodeIgniter\View\View->render('settings/index', Array, true)
#4 C:\xampp\htdocs\afil\app\Controllers\Settings.php(27): view('settings/index', Array)
#5 C:\xampp\htdocs\afil\system\CodeIgniter.php(824): App\Controllers\Settings->index()
#6 C:\xampp\htdocs\afil\system\CodeIgniter.php(410): CodeIgniter\CodeIgniter->runController(Object(App\Controllers\Settings))
#7 C:\xampp\htdocs\afil\system\CodeIgniter.php(318): CodeIgniter\CodeIgniter->handleRequest(NULL, Object(Config\Cache), false)
#8 C:\xampp\htdocs\afil\index.php(37): CodeIgniter\CodeIgniter->run()
#9 {main}
CRITICAL - 2022-02-28 18:30:58 --> Undefined variable: user_role
#0 C:\xampp\htdocs\afil\app\Views\modals\addOutlet.php(20): CodeIgniter\Debug\Exceptions->errorHandler(8, 'Undefined varia...', 'C:\\xampp\\htdocs...', 20, Array)
#1 C:\xampp\htdocs\afil\system\View\View.php(214): include('C:\\xampp\\htdocs...')
#2 C:\xampp\htdocs\afil\system\View\View.php(217): CodeIgniter\View\View->CodeIgniter\View\{closure}()
#3 C:\xampp\htdocs\afil\system\View\View.php(432): CodeIgniter\View\View->render('modals/addOutle...', NULL, true)
#4 C:\xampp\htdocs\afil\app\Views\settings\index.php(237): CodeIgniter\View\View->include('modals/addOutle...')
#5 C:\xampp\htdocs\afil\system\View\View.php(214): include('C:\\xampp\\htdocs...')
#6 C:\xampp\htdocs\afil\system\View\View.php(217): CodeIgniter\View\View->CodeIgniter\View\{closure}()
#7 C:\xampp\htdocs\afil\system\Common.php(1097): CodeIgniter\View\View->render('settings/index', Array, true)
#8 C:\xampp\htdocs\afil\app\Controllers\Settings.php(27): view('settings/index', Array)
#9 C:\xampp\htdocs\afil\system\CodeIgniter.php(824): App\Controllers\Settings->index()
#10 C:\xampp\htdocs\afil\system\CodeIgniter.php(410): CodeIgniter\CodeIgniter->runController(Object(App\Controllers\Settings))
#11 C:\xampp\htdocs\afil\system\CodeIgniter.php(318): CodeIgniter\CodeIgniter->handleRequest(NULL, Object(Config\Cache), false)
#12 C:\xampp\htdocs\afil\index.php(37): CodeIgniter\CodeIgniter->run()
#13 {main}
CRITICAL - 2022-02-28 18:31:29 --> Undefined variable: user_role
#0 C:\xampp\htdocs\afil\app\Views\modals\addOutlet.php(20): CodeIgniter\Debug\Exceptions->errorHandler(8, 'Undefined varia...', 'C:\\xampp\\htdocs...', 20, Array)
#1 C:\xampp\htdocs\afil\system\View\View.php(214): include('C:\\xampp\\htdocs...')
#2 C:\xampp\htdocs\afil\system\View\View.php(217): CodeIgniter\View\View->CodeIgniter\View\{closure}()
#3 C:\xampp\htdocs\afil\system\View\View.php(432): CodeIgniter\View\View->render('modals/addOutle...', NULL, true)
#4 C:\xampp\htdocs\afil\app\Views\settings\index.php(237): CodeIgniter\View\View->include('modals/addOutle...')
#5 C:\xampp\htdocs\afil\system\View\View.php(214): include('C:\\xampp\\htdocs...')
#6 C:\xampp\htdocs\afil\system\View\View.php(217): CodeIgniter\View\View->CodeIgniter\View\{closure}()
#7 C:\xampp\htdocs\afil\system\Common.php(1097): CodeIgniter\View\View->render('settings/index', Array, true)
#8 C:\xampp\htdocs\afil\app\Controllers\Settings.php(27): view('settings/index', Array)
#9 C:\xampp\htdocs\afil\system\CodeIgniter.php(824): App\Controllers\Settings->index()
#10 C:\xampp\htdocs\afil\system\CodeIgniter.php(410): CodeIgniter\CodeIgniter->runController(Object(App\Controllers\Settings))
#11 C:\xampp\htdocs\afil\system\CodeIgniter.php(318): CodeIgniter\CodeIgniter->handleRequest(NULL, Object(Config\Cache), false)
#12 C:\xampp\htdocs\afil\index.php(37): CodeIgniter\CodeIgniter->run()
#13 {main}
CRITICAL - 2022-02-28 18:42:47 --> Array to string conversion
#0 C:\xampp\htdocs\afil\app\Views\settings\index.php(262): CodeIgniter\Debug\Exceptions->errorHandler(8, 'Array to string...', 'C:\\xampp\\htdocs...', 262, Array)
#1 C:\xampp\htdocs\afil\system\View\View.php(214): include('C:\\xampp\\htdocs...')
#2 C:\xampp\htdocs\afil\system\View\View.php(217): CodeIgniter\View\View->CodeIgniter\View\{closure}()
#3 C:\xampp\htdocs\afil\system\Common.php(1097): CodeIgniter\View\View->render('settings/index', Array, true)
#4 C:\xampp\htdocs\afil\app\Controllers\Settings.php(27): view('settings/index', Array)
#5 C:\xampp\htdocs\afil\system\CodeIgniter.php(824): App\Controllers\Settings->index()
#6 C:\xampp\htdocs\afil\system\CodeIgniter.php(410): CodeIgniter\CodeIgniter->runController(Object(App\Controllers\Settings))
#7 C:\xampp\htdocs\afil\system\CodeIgniter.php(318): CodeIgniter\CodeIgniter->handleRequest(NULL, Object(Config\Cache), false)
#8 C:\xampp\htdocs\afil\index.php(37): CodeIgniter\CodeIgniter->run()
#9 {main}
CRITICAL - 2022-02-28 18:47:03 --> in_array() expects at least 2 parameters, 1 given
#0 [internal function]: CodeIgniter\Debug\Exceptions->errorHandler(2, 'in_array() expe...', 'C:\\xampp\\htdocs...', 265, Array)
#1 C:\xampp\htdocs\afil\app\Views\settings\index.php(265): in_array('checkGuinness')
#2 C:\xampp\htdocs\afil\system\View\View.php(214): include('C:\\xampp\\htdocs...')
#3 C:\xampp\htdocs\afil\system\View\View.php(217): CodeIgniter\View\View->CodeIgniter\View\{closure}()
#4 C:\xampp\htdocs\afil\system\Common.php(1097): CodeIgniter\View\View->render('settings/index', Array, true)
#5 C:\xampp\htdocs\afil\app\Controllers\Settings.php(27): view('settings/index', Array)
#6 C:\xampp\htdocs\afil\system\CodeIgniter.php(824): App\Controllers\Settings->index()
#7 C:\xampp\htdocs\afil\system\CodeIgniter.php(410): CodeIgniter\CodeIgniter->runController(Object(App\Controllers\Settings))
#8 C:\xampp\htdocs\afil\system\CodeIgniter.php(318): CodeIgniter\CodeIgniter->handleRequest(NULL, Object(Config\Cache), false)
#9 C:\xampp\htdocs\afil\index.php(37): CodeIgniter\CodeIgniter->run()
#10 {main}
CRITICAL - 2022-02-28 18:47:23 --> in_array() expects parameter 2 to be array, bool given
#0 [internal function]: CodeIgniter\Debug\Exceptions->errorHandler(2, 'in_array() expe...', 'C:\\xampp\\htdocs...', 265, Array)
#1 C:\xampp\htdocs\afil\app\Views\settings\index.php(265): in_array('checkGuinness', false)
#2 C:\xampp\htdocs\afil\system\View\View.php(214): include('C:\\xampp\\htdocs...')
#3 C:\xampp\htdocs\afil\system\View\View.php(217): CodeIgniter\View\View->CodeIgniter\View\{closure}()
#4 C:\xampp\htdocs\afil\system\Common.php(1097): CodeIgniter\View\View->render('settings/index', Array, true)
#5 C:\xampp\htdocs\afil\app\Controllers\Settings.php(27): view('settings/index', Array)
#6 C:\xampp\htdocs\afil\system\CodeIgniter.php(824): App\Controllers\Settings->index()
#7 C:\xampp\htdocs\afil\system\CodeIgniter.php(410): CodeIgniter\CodeIgniter->runController(Object(App\Controllers\Settings))
#8 C:\xampp\htdocs\afil\system\CodeIgniter.php(318): CodeIgniter\CodeIgniter->handleRequest(NULL, Object(Config\Cache), false)
#9 C:\xampp\htdocs\afil\index.php(37): CodeIgniter\CodeIgniter->run()
#10 {main}
CRITICAL - 2022-02-28 18:51:01 --> in_array() expects parameter 2 to be array, bool given
#0 [internal function]: CodeIgniter\Debug\Exceptions->errorHandler(2, 'in_array() expe...', 'C:\\xampp\\htdocs...', 265, Array)
#1 C:\xampp\htdocs\afil\app\Views\settings\index.php(265): in_array('2', false)
#2 C:\xampp\htdocs\afil\system\View\View.php(214): include('C:\\xampp\\htdocs...')
#3 C:\xampp\htdocs\afil\system\View\View.php(217): CodeIgniter\View\View->CodeIgniter\View\{closure}()
#4 C:\xampp\htdocs\afil\system\Common.php(1097): CodeIgniter\View\View->render('settings/index', Array, true)
#5 C:\xampp\htdocs\afil\app\Controllers\Settings.php(27): view('settings/index', Array)
#6 C:\xampp\htdocs\afil\system\CodeIgniter.php(824): App\Controllers\Settings->index()
#7 C:\xampp\htdocs\afil\system\CodeIgniter.php(410): CodeIgniter\CodeIgniter->runController(Object(App\Controllers\Settings))
#8 C:\xampp\htdocs\afil\system\CodeIgniter.php(318): CodeIgniter\CodeIgniter->handleRequest(NULL, Object(Config\Cache), false)
#9 C:\xampp\htdocs\afil\index.php(37): CodeIgniter\CodeIgniter->run()
#10 {main}
