CRITICAL - 2022-03-16 09:22:19 --> Call to undefined function display_error()
#0 /home/fatyusor/public_html/e-voucher/system/View/View.php(214): include()
#1 /home/fatyusor/public_html/e-voucher/system/View/View.php(217): CodeIgniter\View\View->CodeIgniter\View\{closure}()
#2 /home/fatyusor/public_html/e-voucher/system/Common.php(1097): CodeIgniter\View\View->render('users/add', Array, true)
#3 /home/fatyusor/public_html/e-voucher/app/Controllers/User.php(71): view('users/add', Array)
#4 /home/fatyusor/public_html/e-voucher/system/CodeIgniter.php(824): App\Controllers\User->create()
#5 /home/fatyusor/public_html/e-voucher/system/CodeIgniter.php(410): CodeIgniter\CodeIgniter->runController(Object(App\Controllers\User))
#6 /home/fatyusor/public_html/e-voucher/system/CodeIgniter.php(318): CodeIgniter\CodeIgniter->handleRequest(NULL, Object(Config\Cache), false)
#7 /home/fatyusor/public_html/e-voucher/index.php(37): CodeIgniter\CodeIgniter->run()
#8 {main}
CRITICAL - 2022-03-16 09:43:41 --> Call to undefined function display_error()
#0 /home/fatyusor/public_html/e-voucher/system/View/View.php(214): include()
#1 /home/fatyusor/public_html/e-voucher/system/View/View.php(217): CodeIgniter\View\View->CodeIgniter\View\{closure}()
#2 /home/fatyusor/public_html/e-voucher/system/Common.php(1097): CodeIgniter\View\View->render('users/add', Array, true)
#3 /home/fatyusor/public_html/e-voucher/app/Controllers/User.php(71): view('users/add', Array)
#4 /home/fatyusor/public_html/e-voucher/system/CodeIgniter.php(824): App\Controllers\User->create()
#5 /home/fatyusor/public_html/e-voucher/system/CodeIgniter.php(410): CodeIgniter\CodeIgniter->runController(Object(App\Controllers\User))
#6 /home/fatyusor/public_html/e-voucher/system/CodeIgniter.php(318): CodeIgniter\CodeIgniter->handleRequest(NULL, Object(Config\Cache), false)
#7 /home/fatyusor/public_html/e-voucher/index.php(37): CodeIgniter\CodeIgniter->run()
#8 {main}
CRITICAL - 2022-03-16 09:43:45 --> Call to undefined function display_error()
#0 /home/fatyusor/public_html/e-voucher/system/View/View.php(214): include()
#1 /home/fatyusor/public_html/e-voucher/system/View/View.php(217): CodeIgniter\View\View->CodeIgniter\View\{closure}()
#2 /home/fatyusor/public_html/e-voucher/system/Common.php(1097): CodeIgniter\View\View->render('users/add', Array, true)
#3 /home/fatyusor/public_html/e-voucher/app/Controllers/User.php(71): view('users/add', Array)
#4 /home/fatyusor/public_html/e-voucher/system/CodeIgniter.php(824): App\Controllers\User->create()
#5 /home/fatyusor/public_html/e-voucher/system/CodeIgniter.php(410): CodeIgniter\CodeIgniter->runController(Object(App\Controllers\User))
#6 /home/fatyusor/public_html/e-voucher/system/CodeIgniter.php(318): CodeIgniter\CodeIgniter->handleRequest(NULL, Object(Config\Cache), false)
#7 /home/fatyusor/public_html/e-voucher/index.php(37): CodeIgniter\CodeIgniter->run()
#8 {main}
CRITICAL - 2022-03-16 09:45:03 --> in_array(): Argument #2 ($haystack) must be of type array, null given
#0 /home/fatyusor/public_html/e-voucher/app/Controllers/User.php(19): in_array('addUser', NULL)
#1 /home/fatyusor/public_html/e-voucher/system/CodeIgniter.php(824): App\Controllers\User->create()
#2 /home/fatyusor/public_html/e-voucher/system/CodeIgniter.php(410): CodeIgniter\CodeIgniter->runController(Object(App\Controllers\User))
#3 /home/fatyusor/public_html/e-voucher/system/CodeIgniter.php(318): CodeIgniter\CodeIgniter->handleRequest(NULL, Object(Config\Cache), false)
#4 /home/fatyusor/public_html/e-voucher/index.php(37): CodeIgniter\CodeIgniter->run()
#5 {main}
CRITICAL - 2022-03-16 09:46:22 --> Class "App\Controllers\LoginModel" not found
#0 /home/fatyusor/public_html/e-voucher/system/CodeIgniter.php(801): App\Controllers\User->__construct()
#1 /home/fatyusor/public_html/e-voucher/system/CodeIgniter.php(401): CodeIgniter\CodeIgniter->createController()
#2 /home/fatyusor/public_html/e-voucher/system/CodeIgniter.php(318): CodeIgniter\CodeIgniter->handleRequest(NULL, Object(Config\Cache), false)
#3 /home/fatyusor/public_html/e-voucher/index.php(37): CodeIgniter\CodeIgniter->run()
#4 {main}
CRITICAL - 2022-03-16 09:47:52 --> Call to undefined function display_error()
#0 /home/fatyusor/public_html/e-voucher/system/View/View.php(214): include()
#1 /home/fatyusor/public_html/e-voucher/system/View/View.php(217): CodeIgniter\View\View->CodeIgniter\View\{closure}()
#2 /home/fatyusor/public_html/e-voucher/system/Common.php(1097): CodeIgniter\View\View->render('users/add', Array, true)
#3 /home/fatyusor/public_html/e-voucher/app/Controllers/User.php(114): view('users/add', Array)
#4 /home/fatyusor/public_html/e-voucher/system/CodeIgniter.php(824): App\Controllers\User->create()
#5 /home/fatyusor/public_html/e-voucher/system/CodeIgniter.php(410): CodeIgniter\CodeIgniter->runController(Object(App\Controllers\User))
#6 /home/fatyusor/public_html/e-voucher/system/CodeIgniter.php(318): CodeIgniter\CodeIgniter->handleRequest(NULL, Object(Config\Cache), false)
#7 /home/fatyusor/public_html/e-voucher/index.php(37): CodeIgniter\CodeIgniter->run()
#8 {main}
CRITICAL - 2022-03-16 09:51:03 --> Call to undefined function form_open()
#0 /home/fatyusor/public_html/e-voucher/system/View/View.php(214): include()
#1 /home/fatyusor/public_html/e-voucher/system/View/View.php(217): CodeIgniter\View\View->CodeIgniter\View\{closure}()
#2 /home/fatyusor/public_html/e-voucher/system/Common.php(1097): CodeIgniter\View\View->render('users/add', Array, true)
#3 /home/fatyusor/public_html/e-voucher/app/Controllers/User.php(71): view('users/add', Array)
#4 /home/fatyusor/public_html/e-voucher/system/CodeIgniter.php(824): App\Controllers\User->create()
#5 /home/fatyusor/public_html/e-voucher/system/CodeIgniter.php(410): CodeIgniter\CodeIgniter->runController(Object(App\Controllers\User))
#6 /home/fatyusor/public_html/e-voucher/system/CodeIgniter.php(318): CodeIgniter\CodeIgniter->handleRequest(NULL, Object(Config\Cache), false)
#7 /home/fatyusor/public_html/e-voucher/index.php(37): CodeIgniter\CodeIgniter->run()
#8 {main}
CRITICAL - 2022-03-16 09:51:33 --> Call to undefined function display_error()
#0 /home/fatyusor/public_html/e-voucher/system/View/View.php(214): include()
#1 /home/fatyusor/public_html/e-voucher/system/View/View.php(217): CodeIgniter\View\View->CodeIgniter\View\{closure}()
#2 /home/fatyusor/public_html/e-voucher/system/Common.php(1097): CodeIgniter\View\View->render('users/add', Array, true)
#3 /home/fatyusor/public_html/e-voucher/app/Controllers/User.php(71): view('users/add', Array)
#4 /home/fatyusor/public_html/e-voucher/system/CodeIgniter.php(824): App\Controllers\User->create()
#5 /home/fatyusor/public_html/e-voucher/system/CodeIgniter.php(410): CodeIgniter\CodeIgniter->runController(Object(App\Controllers\User))
#6 /home/fatyusor/public_html/e-voucher/system/CodeIgniter.php(318): CodeIgniter\CodeIgniter->handleRequest(NULL, Object(Config\Cache), false)
#7 /home/fatyusor/public_html/e-voucher/index.php(37): CodeIgniter\CodeIgniter->run()
#8 {main}
CRITICAL - 2022-03-16 10:00:23 --> Call to undefined function display_error()
#0 /home/fatyusor/public_html/e-voucher/system/View/View.php(214): include()
#1 /home/fatyusor/public_html/e-voucher/system/View/View.php(217): CodeIgniter\View\View->CodeIgniter\View\{closure}()
#2 /home/fatyusor/public_html/e-voucher/system/Common.php(1097): CodeIgniter\View\View->render('users/add', Array, true)
#3 /home/fatyusor/public_html/e-voucher/app/Controllers/User.php(71): view('users/add', Array)
#4 /home/fatyusor/public_html/e-voucher/system/CodeIgniter.php(824): App\Controllers\User->create()
#5 /home/fatyusor/public_html/e-voucher/system/CodeIgniter.php(410): CodeIgniter\CodeIgniter->runController(Object(App\Controllers\User))
#6 /home/fatyusor/public_html/e-voucher/system/CodeIgniter.php(318): CodeIgniter\CodeIgniter->handleRequest(NULL, Object(Config\Cache), false)
#7 /home/fatyusor/public_html/e-voucher/index.php(37): CodeIgniter\CodeIgniter->run()
#8 {main}
CRITICAL - 2022-03-16 11:04:28 --> Call to undefined function display_error()
#0 /home/fatyusor/public_html/e-voucher/system/View/View.php(214): include()
#1 /home/fatyusor/public_html/e-voucher/system/View/View.php(217): CodeIgniter\View\View->CodeIgniter\View\{closure}()
#2 /home/fatyusor/public_html/e-voucher/system/Common.php(1097): CodeIgniter\View\View->render('users/add', Array, true)
#3 /home/fatyusor/public_html/e-voucher/app/Controllers/User.php(71): view('users/add', Array)
#4 /home/fatyusor/public_html/e-voucher/system/CodeIgniter.php(824): App\Controllers\User->create()
#5 /home/fatyusor/public_html/e-voucher/system/CodeIgniter.php(410): CodeIgniter\CodeIgniter->runController(Object(App\Controllers\User))
#6 /home/fatyusor/public_html/e-voucher/system/CodeIgniter.php(318): CodeIgniter\CodeIgniter->handleRequest(NULL, Object(Config\Cache), false)
#7 /home/fatyusor/public_html/e-voucher/index.php(37): CodeIgniter\CodeIgniter->run()
#8 {main}
