CRITICAL - 2022-03-05 01:19:20 --> Undefined variable: expense_category
#0 C:\xampp\htdocs\afil\app\Views\settings\index.php(381): CodeIgniter\Debug\Exceptions->errorHandler(8, 'Undefined varia...', 'C:\\xampp\\htdocs...', 381, Array)
#1 C:\xampp\htdocs\afil\system\View\View.php(214): include('C:\\xampp\\htdocs...')
#2 C:\xampp\htdocs\afil\system\View\View.php(217): CodeIgniter\View\View->CodeIgniter\View\{closure}()
#3 C:\xampp\htdocs\afil\system\Common.php(1097): CodeIgniter\View\View->render('settings/index', Array, true)
#4 C:\xampp\htdocs\afil\app\Controllers\Settings.php(33): view('settings/index', Array)
#5 C:\xampp\htdocs\afil\system\CodeIgniter.php(824): App\Controllers\Settings->index()
#6 C:\xampp\htdocs\afil\system\CodeIgniter.php(410): CodeIgniter\CodeIgniter->runController(Object(App\Controllers\Settings))
#7 C:\xampp\htdocs\afil\system\CodeIgniter.php(318): CodeIgniter\CodeIgniter->handleRequest(NULL, Object(Config\Cache), false)
#8 C:\xampp\htdocs\afil\index.php(37): CodeIgniter\CodeIgniter->run()
#9 {main}
CRITICAL - 2022-03-05 01:21:59 --> Invalid argument supplied for foreach()
#0 C:\xampp\htdocs\afil\app\Views\settings\index.php(381): CodeIgniter\Debug\Exceptions->errorHandler(2, 'Invalid argumen...', 'C:\\xampp\\htdocs...', 381, Array)
#1 C:\xampp\htdocs\afil\system\View\View.php(214): include('C:\\xampp\\htdocs...')
#2 C:\xampp\htdocs\afil\system\View\View.php(217): CodeIgniter\View\View->CodeIgniter\View\{closure}()
#3 C:\xampp\htdocs\afil\system\Common.php(1097): CodeIgniter\View\View->render('settings/index', Array, true)
#4 C:\xampp\htdocs\afil\app\Controllers\Settings.php(34): view('settings/index', Array)
#5 C:\xampp\htdocs\afil\system\CodeIgniter.php(824): App\Controllers\Settings->index()
#6 C:\xampp\htdocs\afil\system\CodeIgniter.php(410): CodeIgniter\CodeIgniter->runController(Object(App\Controllers\Settings))
#7 C:\xampp\htdocs\afil\system\CodeIgniter.php(318): CodeIgniter\CodeIgniter->handleRequest(NULL, Object(Config\Cache), false)
#8 C:\xampp\htdocs\afil\index.php(37): CodeIgniter\CodeIgniter->run()
#9 {main}
CRITICAL - 2022-03-05 01:22:52 --> Use of undefined constant expense_categories - assumed 'expense_categories' (this will throw an Error in a future version of PHP)
#0 C:\xampp\htdocs\afil\app\Views\settings\index.php(381): CodeIgniter\Debug\Exceptions->errorHandler(2, 'Use of undefine...', 'C:\\xampp\\htdocs...', 381, Array)
#1 C:\xampp\htdocs\afil\system\View\View.php(214): include('C:\\xampp\\htdocs...')
#2 C:\xampp\htdocs\afil\system\View\View.php(217): CodeIgniter\View\View->CodeIgniter\View\{closure}()
#3 C:\xampp\htdocs\afil\system\Common.php(1097): CodeIgniter\View\View->render('settings/index', Array, true)
#4 C:\xampp\htdocs\afil\app\Controllers\Settings.php(34): view('settings/index', Array)
#5 C:\xampp\htdocs\afil\system\CodeIgniter.php(824): App\Controllers\Settings->index()
#6 C:\xampp\htdocs\afil\system\CodeIgniter.php(410): CodeIgniter\CodeIgniter->runController(Object(App\Controllers\Settings))
#7 C:\xampp\htdocs\afil\system\CodeIgniter.php(318): CodeIgniter\CodeIgniter->handleRequest(NULL, Object(Config\Cache), false)
#8 C:\xampp\htdocs\afil\index.php(37): CodeIgniter\CodeIgniter->run()
#9 {main}
CRITICAL - 2022-03-05 01:27:09 --> Undefined index: category
#0 C:\xampp\htdocs\afil\app\Views\settings\index.php(388): CodeIgniter\Debug\Exceptions->errorHandler(8, 'Undefined index...', 'C:\\xampp\\htdocs...', 388, Array)
#1 C:\xampp\htdocs\afil\system\View\View.php(214): include('C:\\xampp\\htdocs...')
#2 C:\xampp\htdocs\afil\system\View\View.php(217): CodeIgniter\View\View->CodeIgniter\View\{closure}()
#3 C:\xampp\htdocs\afil\system\Common.php(1097): CodeIgniter\View\View->render('settings/index', Array, true)
#4 C:\xampp\htdocs\afil\app\Controllers\Settings.php(34): view('settings/index', Array)
#5 C:\xampp\htdocs\afil\system\CodeIgniter.php(824): App\Controllers\Settings->index()
#6 C:\xampp\htdocs\afil\system\CodeIgniter.php(410): CodeIgniter\CodeIgniter->runController(Object(App\Controllers\Settings))
#7 C:\xampp\htdocs\afil\system\CodeIgniter.php(318): CodeIgniter\CodeIgniter->handleRequest(NULL, Object(Config\Cache), false)
#8 C:\xampp\htdocs\afil\index.php(37): CodeIgniter\CodeIgniter->run()
#9 {main}
CRITICAL - 2022-03-05 02:06:17 --> Undefined variable: serialize_user_role
#0 C:\xampp\htdocs\afil\app\Views\voucher\viewpettybytransfer.php(86): CodeIgniter\Debug\Exceptions->errorHandler(8, 'Undefined varia...', 'C:\\xampp\\htdocs...', 86, Array)
#1 C:\xampp\htdocs\afil\system\View\View.php(214): include('C:\\xampp\\htdocs...')
#2 C:\xampp\htdocs\afil\system\View\View.php(217): CodeIgniter\View\View->CodeIgniter\View\{closure}()
#3 C:\xampp\htdocs\afil\system\Common.php(1097): CodeIgniter\View\View->render('voucher/viewpet...', Array, true)
#4 C:\xampp\htdocs\afil\app\Controllers\Voucher.php(604): view('voucher/viewpet...', Array)
#5 C:\xampp\htdocs\afil\system\CodeIgniter.php(824): App\Controllers\Voucher->viewpettybytransfer('15')
#6 C:\xampp\htdocs\afil\system\CodeIgniter.php(410): CodeIgniter\CodeIgniter->runController(Object(App\Controllers\Voucher))
#7 C:\xampp\htdocs\afil\system\CodeIgniter.php(318): CodeIgniter\CodeIgniter->handleRequest(NULL, Object(Config\Cache), false)
#8 C:\xampp\htdocs\afil\index.php(37): CodeIgniter\CodeIgniter->run()
#9 {main}
CRITICAL - 2022-03-05 03:40:37 --> Use of undefined constant base_url - assumed 'base_url' (this will throw an Error in a future version of PHP)
#0 C:\xampp\htdocs\afil\app\Views\voucher\index.php(22): CodeIgniter\Debug\Exceptions->errorHandler(2, 'Use of undefine...', 'C:\\xampp\\htdocs...', 22, Array)
#1 C:\xampp\htdocs\afil\system\View\View.php(214): include('C:\\xampp\\htdocs...')
#2 C:\xampp\htdocs\afil\system\View\View.php(217): CodeIgniter\View\View->CodeIgniter\View\{closure}()
#3 C:\xampp\htdocs\afil\system\Common.php(1097): CodeIgniter\View\View->render('voucher/index', Array, true)
#4 C:\xampp\htdocs\afil\app\Controllers\Voucher.php(38): view('voucher/index', Array)
#5 C:\xampp\htdocs\afil\system\CodeIgniter.php(824): App\Controllers\Voucher->index()
#6 C:\xampp\htdocs\afil\system\CodeIgniter.php(410): CodeIgniter\CodeIgniter->runController(Object(App\Controllers\Voucher))
#7 C:\xampp\htdocs\afil\system\CodeIgniter.php(318): CodeIgniter\CodeIgniter->handleRequest(NULL, Object(Config\Cache), false)
#8 C:\xampp\htdocs\afil\index.php(37): CodeIgniter\CodeIgniter->run()
#9 {main}
CRITICAL - 2022-03-05 03:40:53 --> Undefined variable: base_url
#0 C:\xampp\htdocs\afil\app\Views\voucher\index.php(22): CodeIgniter\Debug\Exceptions->errorHandler(8, 'Undefined varia...', 'C:\\xampp\\htdocs...', 22, Array)
#1 C:\xampp\htdocs\afil\system\View\View.php(214): include('C:\\xampp\\htdocs...')
#2 C:\xampp\htdocs\afil\system\View\View.php(217): CodeIgniter\View\View->CodeIgniter\View\{closure}()
#3 C:\xampp\htdocs\afil\system\Common.php(1097): CodeIgniter\View\View->render('voucher/index', Array, true)
#4 C:\xampp\htdocs\afil\app\Controllers\Voucher.php(38): view('voucher/index', Array)
#5 C:\xampp\htdocs\afil\system\CodeIgniter.php(824): App\Controllers\Voucher->index()
#6 C:\xampp\htdocs\afil\system\CodeIgniter.php(410): CodeIgniter\CodeIgniter->runController(Object(App\Controllers\Voucher))
#7 C:\xampp\htdocs\afil\system\CodeIgniter.php(318): CodeIgniter\CodeIgniter->handleRequest(NULL, Object(Config\Cache), false)
#8 C:\xampp\htdocs\afil\index.php(37): CodeIgniter\CodeIgniter->run()
#9 {main}
CRITICAL - 2022-03-05 04:17:00 --> Undefined variable: validation
#0 C:\xampp\htdocs\afil\app\Views\voucher\search.php(92): CodeIgniter\Debug\Exceptions->errorHandler(8, 'Undefined varia...', 'C:\\xampp\\htdocs...', 92, Array)
#1 C:\xampp\htdocs\afil\system\View\View.php(214): include('C:\\xampp\\htdocs...')
#2 C:\xampp\htdocs\afil\system\View\View.php(217): CodeIgniter\View\View->CodeIgniter\View\{closure}()
#3 C:\xampp\htdocs\afil\system\Common.php(1097): CodeIgniter\View\View->render('voucher/search', Array, true)
#4 C:\xampp\htdocs\afil\app\Controllers\Voucher.php(847): view('voucher/search', Array)
#5 C:\xampp\htdocs\afil\system\CodeIgniter.php(824): App\Controllers\Voucher->search()
#6 C:\xampp\htdocs\afil\system\CodeIgniter.php(410): CodeIgniter\CodeIgniter->runController(Object(App\Controllers\Voucher))
#7 C:\xampp\htdocs\afil\system\CodeIgniter.php(318): CodeIgniter\CodeIgniter->handleRequest(NULL, Object(Config\Cache), false)
#8 C:\xampp\htdocs\afil\index.php(37): CodeIgniter\CodeIgniter->run()
#9 {main}
CRITICAL - 2022-03-05 05:16:16 --> Cannot redeclare App\Controllers\Voucher::generate_report()
#0 [internal function]: CodeIgniter\Debug\Exceptions->shutdownHandler()
#1 {main}
CRITICAL - 2022-03-05 05:19:22 --> Array to string conversion
#0 C:\xampp\htdocs\afil\app\Controllers\Voucher.php(893): CodeIgniter\Debug\Exceptions->errorHandler(8, 'Array to string...', 'C:\\xampp\\htdocs...', 893, Array)
#1 C:\xampp\htdocs\afil\system\CodeIgniter.php(824): App\Controllers\Voucher->generate_report()
#2 C:\xampp\htdocs\afil\system\CodeIgniter.php(410): CodeIgniter\CodeIgniter->runController(Object(App\Controllers\Voucher))
#3 C:\xampp\htdocs\afil\system\CodeIgniter.php(318): CodeIgniter\CodeIgniter->handleRequest(NULL, Object(Config\Cache), false)
#4 C:\xampp\htdocs\afil\index.php(37): CodeIgniter\CodeIgniter->run()
#5 {main}
CRITICAL - 2022-03-05 05:21:47 --> Undefined variable: expense_category
#0 C:\xampp\htdocs\afil\app\Models\VoucherModel.php(146): CodeIgniter\Debug\Exceptions->errorHandler(8, 'Undefined varia...', 'C:\\xampp\\htdocs...', 146, Array)
#1 C:\xampp\htdocs\afil\app\Controllers\Voucher.php(884): App\Models\VoucherModel->generate('3/5/2022', '3/5/2022', '6', '2', 'petty', 'cash')
#2 C:\xampp\htdocs\afil\system\CodeIgniter.php(824): App\Controllers\Voucher->generate_report()
#3 C:\xampp\htdocs\afil\system\CodeIgniter.php(410): CodeIgniter\CodeIgniter->runController(Object(App\Controllers\Voucher))
#4 C:\xampp\htdocs\afil\system\CodeIgniter.php(318): CodeIgniter\CodeIgniter->handleRequest(NULL, Object(Config\Cache), false)
#5 C:\xampp\htdocs\afil\index.php(37): CodeIgniter\CodeIgniter->run()
#6 {main}
CRITICAL - 2022-03-05 08:03:20 --> syntax error, unexpected ';', expecting ')'
#0 C:\xampp\htdocs\afil\system\Autoloader\Autoloader.php(241): CodeIgniter\Autoloader\Autoloader->includeFile('C:\\xampp\\htdocs...')
#1 C:\xampp\htdocs\afil\system\Autoloader\Autoloader.php(219): CodeIgniter\Autoloader\Autoloader->loadInNamespace('App\\Controllers...')
#2 [internal function]: CodeIgniter\Autoloader\Autoloader->loadClass('App\\Controllers...')
#3 [internal function]: spl_autoload_call('App\\Controllers...')
#4 C:\xampp\htdocs\afil\system\CodeIgniter.php(789): class_exists('\\App\\Controller...', true)
#5 C:\xampp\htdocs\afil\system\CodeIgniter.php(397): CodeIgniter\CodeIgniter->startController()
#6 C:\xampp\htdocs\afil\system\CodeIgniter.php(318): CodeIgniter\CodeIgniter->handleRequest(NULL, Object(Config\Cache), false)
#7 C:\xampp\htdocs\afil\index.php(37): CodeIgniter\CodeIgniter->run()
#8 {main}
CRITICAL - 2022-03-05 08:17:47 --> syntax error, unexpected ';', expecting ']'
#0 C:\xampp\htdocs\afil\system\Autoloader\Autoloader.php(241): CodeIgniter\Autoloader\Autoloader->includeFile('C:\\xampp\\htdocs...')
#1 C:\xampp\htdocs\afil\system\Autoloader\Autoloader.php(219): CodeIgniter\Autoloader\Autoloader->loadInNamespace('App\\Controllers...')
#2 [internal function]: CodeIgniter\Autoloader\Autoloader->loadClass('App\\Controllers...')
#3 [internal function]: spl_autoload_call('App\\Controllers...')
#4 C:\xampp\htdocs\afil\system\CodeIgniter.php(789): class_exists('\\App\\Controller...', true)
#5 C:\xampp\htdocs\afil\system\CodeIgniter.php(397): CodeIgniter\CodeIgniter->startController()
#6 C:\xampp\htdocs\afil\system\CodeIgniter.php(318): CodeIgniter\CodeIgniter->handleRequest(NULL, Object(Config\Cache), false)
#7 C:\xampp\htdocs\afil\index.php(37): CodeIgniter\CodeIgniter->run()
#8 {main}
CRITICAL - 2022-03-05 08:19:12 --> Undefined variable: company_data
#0 C:\xampp\htdocs\afil\app\Views\layouts\navigation.php(4): CodeIgniter\Debug\Exceptions->errorHandler(8, 'Undefined varia...', 'C:\\xampp\\htdocs...', 4, Array)
#1 C:\xampp\htdocs\afil\system\View\View.php(214): include('C:\\xampp\\htdocs...')
#2 C:\xampp\htdocs\afil\system\View\View.php(217): CodeIgniter\View\View->CodeIgniter\View\{closure}()
#3 C:\xampp\htdocs\afil\system\View\View.php(432): CodeIgniter\View\View->render('layouts/navigat...', NULL, true)
#4 C:\xampp\htdocs\afil\app\Views\voucher\generate.php(4): CodeIgniter\View\View->include('layouts/navigat...')
#5 C:\xampp\htdocs\afil\system\View\View.php(214): include('C:\\xampp\\htdocs...')
#6 C:\xampp\htdocs\afil\system\View\View.php(217): CodeIgniter\View\View->CodeIgniter\View\{closure}()
#7 C:\xampp\htdocs\afil\system\Common.php(1097): CodeIgniter\View\View->render('voucher/generat...', Array, true)
#8 C:\xampp\htdocs\afil\app\Controllers\Voucher.php(901): view('voucher/generat...', Array)
#9 C:\xampp\htdocs\afil\system\CodeIgniter.php(824): App\Controllers\Voucher->generate_report()
#10 C:\xampp\htdocs\afil\system\CodeIgniter.php(410): CodeIgniter\CodeIgniter->runController(Object(App\Controllers\Voucher))
#11 C:\xampp\htdocs\afil\system\CodeIgniter.php(318): CodeIgniter\CodeIgniter->handleRequest(NULL, Object(Config\Cache), false)
#12 C:\xampp\htdocs\afil\index.php(37): CodeIgniter\CodeIgniter->run()
#13 {main}
CRITICAL - 2022-03-05 08:20:50 --> Undefined variable: company_data
#0 C:\xampp\htdocs\afil\app\Views\layouts\navigation.php(4): CodeIgniter\Debug\Exceptions->errorHandler(8, 'Undefined varia...', 'C:\\xampp\\htdocs...', 4, Array)
#1 C:\xampp\htdocs\afil\system\View\View.php(214): include('C:\\xampp\\htdocs...')
#2 C:\xampp\htdocs\afil\system\View\View.php(217): CodeIgniter\View\View->CodeIgniter\View\{closure}()
#3 C:\xampp\htdocs\afil\system\View\View.php(432): CodeIgniter\View\View->render('layouts/navigat...', NULL, true)
#4 C:\xampp\htdocs\afil\app\Views\voucher\generate.php(4): CodeIgniter\View\View->include('layouts/navigat...')
#5 C:\xampp\htdocs\afil\system\View\View.php(214): include('C:\\xampp\\htdocs...')
#6 C:\xampp\htdocs\afil\system\View\View.php(217): CodeIgniter\View\View->CodeIgniter\View\{closure}()
#7 C:\xampp\htdocs\afil\system\Common.php(1097): CodeIgniter\View\View->render('voucher/generat...', Array, true)
#8 C:\xampp\htdocs\afil\app\Controllers\Voucher.php(901): view('voucher/generat...', Array)
#9 C:\xampp\htdocs\afil\system\CodeIgniter.php(824): App\Controllers\Voucher->generate_report()
#10 C:\xampp\htdocs\afil\system\CodeIgniter.php(410): CodeIgniter\CodeIgniter->runController(Object(App\Controllers\Voucher))
#11 C:\xampp\htdocs\afil\system\CodeIgniter.php(318): CodeIgniter\CodeIgniter->handleRequest(NULL, Object(Config\Cache), false)
#12 C:\xampp\htdocs\afil\index.php(37): CodeIgniter\CodeIgniter->run()
#13 {main}
CRITICAL - 2022-03-05 08:22:43 --> Undefined variable: company_data
#0 C:\xampp\htdocs\afil\app\Views\layouts\navigation.php(4): CodeIgniter\Debug\Exceptions->errorHandler(8, 'Undefined varia...', 'C:\\xampp\\htdocs...', 4, Array)
#1 C:\xampp\htdocs\afil\system\View\View.php(214): include('C:\\xampp\\htdocs...')
#2 C:\xampp\htdocs\afil\system\View\View.php(217): CodeIgniter\View\View->CodeIgniter\View\{closure}()
#3 C:\xampp\htdocs\afil\system\View\View.php(432): CodeIgniter\View\View->render('layouts/navigat...', NULL, true)
#4 C:\xampp\htdocs\afil\app\Views\voucher\generate.php(4): CodeIgniter\View\View->include('layouts/navigat...')
#5 C:\xampp\htdocs\afil\system\View\View.php(214): include('C:\\xampp\\htdocs...')
#6 C:\xampp\htdocs\afil\system\View\View.php(217): CodeIgniter\View\View->CodeIgniter\View\{closure}()
#7 C:\xampp\htdocs\afil\system\Common.php(1097): CodeIgniter\View\View->render('voucher/generat...', Array, true)
#8 C:\xampp\htdocs\afil\app\Controllers\Voucher.php(901): view('voucher/generat...', Array)
#9 C:\xampp\htdocs\afil\system\CodeIgniter.php(824): App\Controllers\Voucher->generate_report()
#10 C:\xampp\htdocs\afil\system\CodeIgniter.php(410): CodeIgniter\CodeIgniter->runController(Object(App\Controllers\Voucher))
#11 C:\xampp\htdocs\afil\system\CodeIgniter.php(318): CodeIgniter\CodeIgniter->handleRequest(NULL, Object(Config\Cache), false)
#12 C:\xampp\htdocs\afil\index.php(37): CodeIgniter\CodeIgniter->run()
#13 {main}
CRITICAL - 2022-03-05 08:24:26 --> Undefined variable: search_title
#0 C:\xampp\htdocs\afil\app\Views\voucher\generate.php(15): CodeIgniter\Debug\Exceptions->errorHandler(8, 'Undefined varia...', 'C:\\xampp\\htdocs...', 15, Array)
#1 C:\xampp\htdocs\afil\system\View\View.php(214): include('C:\\xampp\\htdocs...')
#2 C:\xampp\htdocs\afil\system\View\View.php(217): CodeIgniter\View\View->CodeIgniter\View\{closure}()
#3 C:\xampp\htdocs\afil\system\Common.php(1097): CodeIgniter\View\View->render('voucher/generat...', Array, true)
#4 C:\xampp\htdocs\afil\app\Controllers\Voucher.php(891): view('voucher/generat...', Array)
#5 C:\xampp\htdocs\afil\system\CodeIgniter.php(824): App\Controllers\Voucher->generate_report()
#6 C:\xampp\htdocs\afil\system\CodeIgniter.php(410): CodeIgniter\CodeIgniter->runController(Object(App\Controllers\Voucher))
#7 C:\xampp\htdocs\afil\system\CodeIgniter.php(318): CodeIgniter\CodeIgniter->handleRequest(NULL, Object(Config\Cache), false)
#8 C:\xampp\htdocs\afil\index.php(37): CodeIgniter\CodeIgniter->run()
#9 {main}
CRITICAL - 2022-03-05 08:28:37 --> syntax error, unexpected '=>' (T_DOUBLE_ARROW), expecting ')'
#0 C:\xampp\htdocs\afil\system\Autoloader\Autoloader.php(241): CodeIgniter\Autoloader\Autoloader->includeFile('C:\\xampp\\htdocs...')
#1 C:\xampp\htdocs\afil\system\Autoloader\Autoloader.php(219): CodeIgniter\Autoloader\Autoloader->loadInNamespace('App\\Controllers...')
#2 [internal function]: CodeIgniter\Autoloader\Autoloader->loadClass('App\\Controllers...')
#3 [internal function]: spl_autoload_call('App\\Controllers...')
#4 C:\xampp\htdocs\afil\system\CodeIgniter.php(789): class_exists('\\App\\Controller...', true)
#5 C:\xampp\htdocs\afil\system\CodeIgniter.php(397): CodeIgniter\CodeIgniter->startController()
#6 C:\xampp\htdocs\afil\system\CodeIgniter.php(318): CodeIgniter\CodeIgniter->handleRequest(NULL, Object(Config\Cache), false)
#7 C:\xampp\htdocs\afil\index.php(37): CodeIgniter\CodeIgniter->run()
#8 {main}
ERROR - 2022-03-05 08:45:27 --> You have an error in your SQL syntax; check the manual that corresponds to your MariaDB server version for the right syntax to use near '`:date` >= : ESCAPE '!' 
AND  `date`` ``<=`` LIKE` `:date` <= : ESCAPE '!' 
AND ' at line 3
CRITICAL - 2022-03-05 08:45:27 --> You have an error in your SQL syntax; check the manual that corresponds to your MariaDB server version for the right syntax to use near '`:date` >= : ESCAPE '!' 
AND  `date`` ``<=`` LIKE` `:date` <= : ESCAPE '!' 
AND ' at line 3
#0 C:\xampp\htdocs\afil\system\Database\MySQLi\Connection.php(292): mysqli->query('SELECT *\nFROM `...', 0)
#1 C:\xampp\htdocs\afil\system\Database\BaseConnection.php(670): CodeIgniter\Database\MySQLi\Connection->execute('SELECT *\nFROM `...')
#2 C:\xampp\htdocs\afil\system\Database\BaseConnection.php(598): CodeIgniter\Database\BaseConnection->simpleQuery('SELECT *\nFROM `...')
#3 C:\xampp\htdocs\afil\system\Database\BaseBuilder.php(1443): CodeIgniter\Database\BaseConnection->query('SELECT *\nFROM `...', Array, false)
#4 C:\xampp\htdocs\afil\app\Models\VoucherModel.php(151): CodeIgniter\Database\BaseBuilder->get()
#5 C:\xampp\htdocs\afil\app\Controllers\Voucher.php(872): App\Models\VoucherModel->generate('05-03-2022', '05-03-2022', '', '', '', '')
#6 C:\xampp\htdocs\afil\system\CodeIgniter.php(824): App\Controllers\Voucher->generate_report()
#7 C:\xampp\htdocs\afil\system\CodeIgniter.php(410): CodeIgniter\CodeIgniter->runController(Object(App\Controllers\Voucher))
#8 C:\xampp\htdocs\afil\system\CodeIgniter.php(318): CodeIgniter\CodeIgniter->handleRequest(NULL, Object(Config\Cache), false)
#9 C:\xampp\htdocs\afil\index.php(37): CodeIgniter\CodeIgniter->run()
#10 {main}
CRITICAL - 2022-03-05 08:51:07 --> Cannot use empty array elements in arrays
#0 [internal function]: CodeIgniter\Debug\Exceptions->shutdownHandler()
#1 {main}
CRITICAL - 2022-03-05 09:20:40 --> Undefined variable: voucher_data
#0 C:\xampp\htdocs\afil\app\Views\voucher\generate.php(55): CodeIgniter\Debug\Exceptions->errorHandler(8, 'Undefined varia...', 'C:\\xampp\\htdocs...', 55, Array)
#1 C:\xampp\htdocs\afil\system\View\View.php(214): include('C:\\xampp\\htdocs...')
#2 C:\xampp\htdocs\afil\system\View\View.php(217): CodeIgniter\View\View->CodeIgniter\View\{closure}()
#3 C:\xampp\htdocs\afil\system\Common.php(1097): CodeIgniter\View\View->render('voucher/generat...', Array, true)
#4 C:\xampp\htdocs\afil\app\Controllers\Voucher.php(891): view('voucher/generat...', Array)
#5 C:\xampp\htdocs\afil\system\CodeIgniter.php(824): App\Controllers\Voucher->generate_report()
#6 C:\xampp\htdocs\afil\system\CodeIgniter.php(410): CodeIgniter\CodeIgniter->runController(Object(App\Controllers\Voucher))
#7 C:\xampp\htdocs\afil\system\CodeIgniter.php(318): CodeIgniter\CodeIgniter->handleRequest(NULL, Object(Config\Cache), false)
#8 C:\xampp\htdocs\afil\index.php(37): CodeIgniter\CodeIgniter->run()
#9 {main}
CRITICAL - 2022-03-05 09:21:01 --> Undefined index: presented_by
#0 C:\xampp\htdocs\afil\app\Views\voucher\generate.php(69): CodeIgniter\Debug\Exceptions->errorHandler(8, 'Undefined index...', 'C:\\xampp\\htdocs...', 69, Array)
#1 C:\xampp\htdocs\afil\system\View\View.php(214): include('C:\\xampp\\htdocs...')
#2 C:\xampp\htdocs\afil\system\View\View.php(217): CodeIgniter\View\View->CodeIgniter\View\{closure}()
#3 C:\xampp\htdocs\afil\system\Common.php(1097): CodeIgniter\View\View->render('voucher/generat...', Array, true)
#4 C:\xampp\htdocs\afil\app\Controllers\Voucher.php(891): view('voucher/generat...', Array)
#5 C:\xampp\htdocs\afil\system\CodeIgniter.php(824): App\Controllers\Voucher->generate_report()
#6 C:\xampp\htdocs\afil\system\CodeIgniter.php(410): CodeIgniter\CodeIgniter->runController(Object(App\Controllers\Voucher))
#7 C:\xampp\htdocs\afil\system\CodeIgniter.php(318): CodeIgniter\CodeIgniter->handleRequest(NULL, Object(Config\Cache), false)
#8 C:\xampp\htdocs\afil\index.php(37): CodeIgniter\CodeIgniter->run()
#9 {main}
CRITICAL - 2022-03-05 09:22:46 --> Undefined index: presented_by
#0 C:\xampp\htdocs\afil\app\Views\voucher\generate.php(69): CodeIgniter\Debug\Exceptions->errorHandler(8, 'Undefined index...', 'C:\\xampp\\htdocs...', 69, Array)
#1 C:\xampp\htdocs\afil\system\View\View.php(214): include('C:\\xampp\\htdocs...')
#2 C:\xampp\htdocs\afil\system\View\View.php(217): CodeIgniter\View\View->CodeIgniter\View\{closure}()
#3 C:\xampp\htdocs\afil\system\Common.php(1097): CodeIgniter\View\View->render('voucher/generat...', Array, true)
#4 C:\xampp\htdocs\afil\app\Controllers\Voucher.php(891): view('voucher/generat...', Array)
#5 C:\xampp\htdocs\afil\system\CodeIgniter.php(824): App\Controllers\Voucher->generate_report()
#6 C:\xampp\htdocs\afil\system\CodeIgniter.php(410): CodeIgniter\CodeIgniter->runController(Object(App\Controllers\Voucher))
#7 C:\xampp\htdocs\afil\system\CodeIgniter.php(318): CodeIgniter\CodeIgniter->handleRequest(NULL, Object(Config\Cache), false)
#8 C:\xampp\htdocs\afil\index.php(37): CodeIgniter\CodeIgniter->run()
#9 {main}
CRITICAL - 2022-03-05 09:23:48 --> Undefined index: category_name
#0 C:\xampp\htdocs\afil\app\Views\voucher\generate.php(60): CodeIgniter\Debug\Exceptions->errorHandler(8, 'Undefined index...', 'C:\\xampp\\htdocs...', 60, Array)
#1 C:\xampp\htdocs\afil\system\View\View.php(214): include('C:\\xampp\\htdocs...')
#2 C:\xampp\htdocs\afil\system\View\View.php(217): CodeIgniter\View\View->CodeIgniter\View\{closure}()
#3 C:\xampp\htdocs\afil\system\Common.php(1097): CodeIgniter\View\View->render('voucher/generat...', Array, true)
#4 C:\xampp\htdocs\afil\app\Controllers\Voucher.php(891): view('voucher/generat...', Array)
#5 C:\xampp\htdocs\afil\system\CodeIgniter.php(824): App\Controllers\Voucher->generate_report()
#6 C:\xampp\htdocs\afil\system\CodeIgniter.php(410): CodeIgniter\CodeIgniter->runController(Object(App\Controllers\Voucher))
#7 C:\xampp\htdocs\afil\system\CodeIgniter.php(318): CodeIgniter\CodeIgniter->handleRequest(NULL, Object(Config\Cache), false)
#8 C:\xampp\htdocs\afil\index.php(37): CodeIgniter\CodeIgniter->run()
#9 {main}
CRITICAL - 2022-03-05 09:47:43 --> Argument 2 passed to CodeIgniter\Database\BaseBuilder::like() must be of the type string, array given, called in C:\xampp\htdocs\afil\app\Models\VoucherModel.php on line 146
#0 C:\xampp\htdocs\afil\app\Models\VoucherModel.php(146): CodeIgniter\Database\BaseBuilder->like('expense_categor...', Array)
#1 C:\xampp\htdocs\afil\app\Controllers\Voucher.php(872): App\Models\VoucherModel->generate('01-03-2022', '05-03-2022', '', '', Array, 's:0:"";', '', '')
#2 C:\xampp\htdocs\afil\system\CodeIgniter.php(824): App\Controllers\Voucher->generate_report()
#3 C:\xampp\htdocs\afil\system\CodeIgniter.php(410): CodeIgniter\CodeIgniter->runController(Object(App\Controllers\Voucher))
#4 C:\xampp\htdocs\afil\system\CodeIgniter.php(318): CodeIgniter\CodeIgniter->handleRequest(NULL, Object(Config\Cache), false)
#5 C:\xampp\htdocs\afil\index.php(37): CodeIgniter\CodeIgniter->run()
#6 {main}
CRITICAL - 2022-03-05 10:43:08 --> unserialize(): Error at offset 0 of 16 bytes
#0 [internal function]: CodeIgniter\Debug\Exceptions->errorHandler(8, 'unserialize(): ...', 'C:\\xampp\\htdocs...', 165, Array)
#1 C:\xampp\htdocs\afil\app\Models\VoucherModel.php(165): unserialize('expense_categor...')
#2 C:\xampp\htdocs\afil\app\Controllers\Voucher.php(874): App\Models\VoucherModel->generate2('01-03-2022', '05-03-2022', '', '', 'a:1:{i:0;s:1:"4...', '', '', '')
#3 C:\xampp\htdocs\afil\system\CodeIgniter.php(824): App\Controllers\Voucher->generate_report()
#4 C:\xampp\htdocs\afil\system\CodeIgniter.php(410): CodeIgniter\CodeIgniter->runController(Object(App\Controllers\Voucher))
#5 C:\xampp\htdocs\afil\system\CodeIgniter.php(318): CodeIgniter\CodeIgniter->handleRequest(NULL, Object(Config\Cache), false)
#6 C:\xampp\htdocs\afil\index.php(37): CodeIgniter\CodeIgniter->run()
#7 {main}
CRITICAL - 2022-03-05 18:48:08 --> You must set the database table to be used with your query.
#0 C:\xampp\htdocs\afil\system\Model.php(545): CodeIgniter\Database\BaseConnection->table(NULL)
#1 C:\xampp\htdocs\afil\system\Model.php(717): CodeIgniter\Model->builder()
#2 C:\xampp\htdocs\afil\app\Controllers\Voucher.php(872): CodeIgniter\Model->__call('generate1', Array)
#3 C:\xampp\htdocs\afil\system\CodeIgniter.php(824): App\Controllers\Voucher->generate_report()
#4 C:\xampp\htdocs\afil\system\CodeIgniter.php(410): CodeIgniter\CodeIgniter->runController(Object(App\Controllers\Voucher))
#5 C:\xampp\htdocs\afil\system\CodeIgniter.php(318): CodeIgniter\CodeIgniter->handleRequest(NULL, Object(Config\Cache), false)
#6 C:\xampp\htdocs\afil\index.php(37): CodeIgniter\CodeIgniter->run()
#7 {main}
CRITICAL - 2022-03-05 19:07:59 --> syntax error, unexpected ';', expecting ']'
#0 C:\xampp\htdocs\afil\system\Autoloader\Autoloader.php(241): CodeIgniter\Autoloader\Autoloader->includeFile('C:\\xampp\\htdocs...')
#1 C:\xampp\htdocs\afil\system\Autoloader\Autoloader.php(219): CodeIgniter\Autoloader\Autoloader->loadInNamespace('App\\Controllers...')
#2 [internal function]: CodeIgniter\Autoloader\Autoloader->loadClass('App\\Controllers...')
#3 [internal function]: spl_autoload_call('App\\Controllers...')
#4 C:\xampp\htdocs\afil\system\CodeIgniter.php(789): class_exists('\\App\\Controller...', true)
#5 C:\xampp\htdocs\afil\system\CodeIgniter.php(397): CodeIgniter\CodeIgniter->startController()
#6 C:\xampp\htdocs\afil\system\CodeIgniter.php(318): CodeIgniter\CodeIgniter->handleRequest(NULL, Object(Config\Cache), false)
#7 C:\xampp\htdocs\afil\index.php(37): CodeIgniter\CodeIgniter->run()
#8 {main}
CRITICAL - 2022-03-05 19:08:14 --> syntax error, unexpected 'return' (T_RETURN)
#0 C:\xampp\htdocs\afil\system\Autoloader\Autoloader.php(241): CodeIgniter\Autoloader\Autoloader->includeFile('C:\\xampp\\htdocs...')
#1 C:\xampp\htdocs\afil\system\Autoloader\Autoloader.php(219): CodeIgniter\Autoloader\Autoloader->loadInNamespace('App\\Controllers...')
#2 [internal function]: CodeIgniter\Autoloader\Autoloader->loadClass('App\\Controllers...')
#3 [internal function]: spl_autoload_call('App\\Controllers...')
#4 C:\xampp\htdocs\afil\system\CodeIgniter.php(789): class_exists('\\App\\Controller...', true)
#5 C:\xampp\htdocs\afil\system\CodeIgniter.php(397): CodeIgniter\CodeIgniter->startController()
#6 C:\xampp\htdocs\afil\system\CodeIgniter.php(318): CodeIgniter\CodeIgniter->handleRequest(NULL, Object(Config\Cache), false)
#7 C:\xampp\htdocs\afil\index.php(37): CodeIgniter\CodeIgniter->run()
#8 {main}
CRITICAL - 2022-03-05 19:28:15 --> syntax error, unexpected '$password_data' (T_VARIABLE)
#0 C:\xampp\htdocs\afil\system\Autoloader\Autoloader.php(241): CodeIgniter\Autoloader\Autoloader->includeFile('C:\\xampp\\htdocs...')
#1 C:\xampp\htdocs\afil\system\Autoloader\Autoloader.php(219): CodeIgniter\Autoloader\Autoloader->loadInNamespace('App\\Controllers...')
#2 [internal function]: CodeIgniter\Autoloader\Autoloader->loadClass('App\\Controllers...')
#3 [internal function]: spl_autoload_call('App\\Controllers...')
#4 C:\xampp\htdocs\afil\system\CodeIgniter.php(789): class_exists('\\App\\Controller...', true)
#5 C:\xampp\htdocs\afil\system\CodeIgniter.php(397): CodeIgniter\CodeIgniter->startController()
#6 C:\xampp\htdocs\afil\system\CodeIgniter.php(318): CodeIgniter\CodeIgniter->handleRequest(NULL, Object(Config\Cache), false)
#7 C:\xampp\htdocs\afil\index.php(37): CodeIgniter\CodeIgniter->run()
#8 {main}
CRITICAL - 2022-03-05 19:28:25 --> Undefined variable: rules
#0 C:\xampp\htdocs\afil\app\Controllers\User.php(259): CodeIgniter\Debug\Exceptions->errorHandler(8, 'Undefined varia...', 'C:\\xampp\\htdocs...', 259, Array)
#1 C:\xampp\htdocs\afil\system\CodeIgniter.php(824): App\Controllers\User->change_password()
#2 C:\xampp\htdocs\afil\system\CodeIgniter.php(410): CodeIgniter\CodeIgniter->runController(Object(App\Controllers\User))
#3 C:\xampp\htdocs\afil\system\CodeIgniter.php(318): CodeIgniter\CodeIgniter->handleRequest(NULL, Object(Config\Cache), false)
#4 C:\xampp\htdocs\afil\index.php(37): CodeIgniter\CodeIgniter->run()
#5 {main}
