CRITICAL - 2022-04-11 14:26:24 --> Undefined variable $data
#0 /home/ashoolha/afil.ashokashotel.com/app/Controllers/Voucher.php(907): CodeIgniter\Debug\Exceptions->errorHandler()
#1 /home/ashoolha/afil.ashokashotel.com/system/CodeIgniter.php(824): App\Controllers\Voucher->processpayment()
#2 /home/ashoolha/afil.ashokashotel.com/system/CodeIgniter.php(410): CodeIgniter\CodeIgniter->runController()
#3 /home/ashoolha/afil.ashokashotel.com/system/CodeIgniter.php(318): CodeIgniter\CodeIgniter->handleRequest()
#4 /home/ashoolha/afil.ashokashotel.com/index.php(37): CodeIgniter\CodeIgniter->run()
#5 {main}
CRITICAL - 2022-04-11 14:49:19 --> Undefined variable $data
#0 /home/ashoolha/afil.ashokashotel.com/app/Controllers/Voucher.php(772): CodeIgniter\Debug\Exceptions->errorHandler()
#1 /home/ashoolha/afil.ashokashotel.com/system/CodeIgniter.php(824): App\Controllers\Voucher->approvepetty()
#2 /home/ashoolha/afil.ashokashotel.com/system/CodeIgniter.php(410): CodeIgniter\CodeIgniter->runController()
#3 /home/ashoolha/afil.ashokashotel.com/system/CodeIgniter.php(318): CodeIgniter\CodeIgniter->handleRequest()
#4 /home/ashoolha/afil.ashokashotel.com/index.php(37): CodeIgniter\CodeIgniter->run()
#5 {main}
CRITICAL - 2022-04-11 16:00:14 --> Undefined variable $data
#0 /home/ashoolha/afil.ashokashotel.com/app/Controllers/Voucher.php(772): CodeIgniter\Debug\Exceptions->errorHandler()
#1 /home/ashoolha/afil.ashokashotel.com/system/CodeIgniter.php(824): App\Controllers\Voucher->approvepetty()
#2 /home/ashoolha/afil.ashokashotel.com/system/CodeIgniter.php(410): CodeIgniter\CodeIgniter->runController()
#3 /home/ashoolha/afil.ashokashotel.com/system/CodeIgniter.php(318): CodeIgniter\CodeIgniter->handleRequest()
#4 /home/ashoolha/afil.ashokashotel.com/index.php(37): CodeIgniter\CodeIgniter->run()
#5 {main}
CRITICAL - 2022-04-11 16:01:12 --> Undefined variable $data
#0 /home/ashoolha/afil.ashokashotel.com/app/Controllers/Voucher.php(772): CodeIgniter\Debug\Exceptions->errorHandler()
#1 /home/ashoolha/afil.ashokashotel.com/system/CodeIgniter.php(824): App\Controllers\Voucher->approvepetty()
#2 /home/ashoolha/afil.ashokashotel.com/system/CodeIgniter.php(410): CodeIgniter\CodeIgniter->runController()
#3 /home/ashoolha/afil.ashokashotel.com/system/CodeIgniter.php(318): CodeIgniter\CodeIgniter->handleRequest()
#4 /home/ashoolha/afil.ashokashotel.com/index.php(37): CodeIgniter\CodeIgniter->run()
#5 {main}
CRITICAL - 2022-04-11 16:02:19 --> Undefined variable $data
#0 /home/ashoolha/afil.ashokashotel.com/app/Controllers/Voucher.php(772): CodeIgniter\Debug\Exceptions->errorHandler()
#1 /home/ashoolha/afil.ashokashotel.com/system/CodeIgniter.php(824): App\Controllers\Voucher->approvepetty()
#2 /home/ashoolha/afil.ashokashotel.com/system/CodeIgniter.php(410): CodeIgniter\CodeIgniter->runController()
#3 /home/ashoolha/afil.ashokashotel.com/system/CodeIgniter.php(318): CodeIgniter\CodeIgniter->handleRequest()
#4 /home/ashoolha/afil.ashokashotel.com/index.php(37): CodeIgniter\CodeIgniter->run()
#5 {main}
CRITICAL - 2022-04-11 16:44:03 --> Undefined variable $data
#0 /home/ashoolha/afil.ashokashotel.com/app/Controllers/Voucher.php(772): CodeIgniter\Debug\Exceptions->errorHandler()
#1 /home/ashoolha/afil.ashokashotel.com/system/CodeIgniter.php(824): App\Controllers\Voucher->approvepetty()
#2 /home/ashoolha/afil.ashokashotel.com/system/CodeIgniter.php(410): CodeIgniter\CodeIgniter->runController()
#3 /home/ashoolha/afil.ashokashotel.com/system/CodeIgniter.php(318): CodeIgniter\CodeIgniter->handleRequest()
#4 /home/ashoolha/afil.ashokashotel.com/index.php(37): CodeIgniter\CodeIgniter->run()
#5 {main}
CRITICAL - 2022-04-11 17:05:17 --> Undefined variable $data
#0 /home/ashoolha/afil.ashokashotel.com/app/Controllers/Voucher.php(772): CodeIgniter\Debug\Exceptions->errorHandler()
#1 /home/ashoolha/afil.ashokashotel.com/system/CodeIgniter.php(824): App\Controllers\Voucher->approvepetty()
#2 /home/ashoolha/afil.ashokashotel.com/system/CodeIgniter.php(410): CodeIgniter\CodeIgniter->runController()
#3 /home/ashoolha/afil.ashokashotel.com/system/CodeIgniter.php(318): CodeIgniter\CodeIgniter->handleRequest()
#4 /home/ashoolha/afil.ashokashotel.com/index.php(37): CodeIgniter\CodeIgniter->run()
#5 {main}
CRITICAL - 2022-04-11 20:39:19 --> Undefined variable $data
#0 /home/ashoolha/afil.ashokashotel.com/app/Controllers/Voucher.php(907): CodeIgniter\Debug\Exceptions->errorHandler()
#1 /home/ashoolha/afil.ashokashotel.com/system/CodeIgniter.php(824): App\Controllers\Voucher->processpayment()
#2 /home/ashoolha/afil.ashokashotel.com/system/CodeIgniter.php(410): CodeIgniter\CodeIgniter->runController()
#3 /home/ashoolha/afil.ashokashotel.com/system/CodeIgniter.php(318): CodeIgniter\CodeIgniter->handleRequest()
#4 /home/ashoolha/afil.ashokashotel.com/index.php(37): CodeIgniter\CodeIgniter->run()
#5 {main}
CRITICAL - 2022-04-11 20:44:14 --> Undefined variable $data
#0 /home/ashoolha/afil.ashokashotel.com/app/Controllers/Voucher.php(907): CodeIgniter\Debug\Exceptions->errorHandler()
#1 /home/ashoolha/afil.ashokashotel.com/system/CodeIgniter.php(824): App\Controllers\Voucher->processpayment()
#2 /home/ashoolha/afil.ashokashotel.com/system/CodeIgniter.php(410): CodeIgniter\CodeIgniter->runController()
#3 /home/ashoolha/afil.ashokashotel.com/system/CodeIgniter.php(318): CodeIgniter\CodeIgniter->handleRequest()
#4 /home/ashoolha/afil.ashokashotel.com/index.php(37): CodeIgniter\CodeIgniter->run()
#5 {main}
