CRITICAL - 2022-02-25 11:23:02 --> Undefined property: CodeIgniter\HTTP\Files\UploadedFile::$isValid
#0 C:\xampp\htdocs\afil\app\Controllers\FileUpload.php(16): CodeIgniter\Debug\Exceptions->errorHandler(8, 'Undefined prope...', 'C:\\xampp\\htdocs...', 16, Array)
#1 C:\xampp\htdocs\afil\system\CodeIgniter.php(824): App\Controllers\FileUpload->img_upload()
#2 C:\xampp\htdocs\afil\system\CodeIgniter.php(410): CodeIgniter\CodeIgniter->runController(Object(App\Controllers\FileUpload))
#3 C:\xampp\htdocs\afil\system\CodeIgniter.php(318): CodeIgniter\CodeIgniter->handleRequest(NULL, Object(Config\Cache), false)
#4 C:\xampp\htdocs\afil\index.php(37): CodeIgniter\CodeIgniter->run()
#5 {main}
CRITICAL - 2022-02-25 14:24:29 --> syntax error, unexpected '}', expecting ';' or ','
#0 C:\xampp\htdocs\afil\system\Autoloader\Autoloader.php(241): CodeIgniter\Autoloader\Autoloader->includeFile('C:\\xampp\\htdocs...')
#1 C:\xampp\htdocs\afil\system\Autoloader\Autoloader.php(219): CodeIgniter\Autoloader\Autoloader->loadInNamespace('App\\Controllers...')
#2 [internal function]: CodeIgniter\Autoloader\Autoloader->loadClass('App\\Controllers...')
#3 [internal function]: spl_autoload_call('App\\Controllers...')
#4 C:\xampp\htdocs\afil\system\CodeIgniter.php(789): class_exists('\\App\\Controller...', true)
#5 C:\xampp\htdocs\afil\system\CodeIgniter.php(397): CodeIgniter\CodeIgniter->startController()
#6 C:\xampp\htdocs\afil\system\CodeIgniter.php(318): CodeIgniter\CodeIgniter->handleRequest(NULL, Object(Config\Cache), false)
#7 C:\xampp\htdocs\afil\index.php(37): CodeIgniter\CodeIgniter->run()
#8 {main}
CRITICAL - 2022-02-25 14:54:21 --> Undefined variable: validation
#0 C:\xampp\htdocs\afil\app\Views\modals\change_profile_pic.php(14): CodeIgniter\Debug\Exceptions->errorHandler(8, 'Undefined varia...', 'C:\\xampp\\htdocs...', 14, Array)
#1 C:\xampp\htdocs\afil\system\View\View.php(214): include('C:\\xampp\\htdocs...')
#2 C:\xampp\htdocs\afil\system\View\View.php(217): CodeIgniter\View\View->CodeIgniter\View\{closure}()
#3 C:\xampp\htdocs\afil\system\View\View.php(432): CodeIgniter\View\View->render('modals/change_p...', NULL, true)
#4 C:\xampp\htdocs\afil\app\Views\users\profile.php(27): CodeIgniter\View\View->include('modals/change_p...')
#5 C:\xampp\htdocs\afil\system\View\View.php(214): include('C:\\xampp\\htdocs...')
#6 C:\xampp\htdocs\afil\system\View\View.php(217): CodeIgniter\View\View->CodeIgniter\View\{closure}()
#7 C:\xampp\htdocs\afil\system\Common.php(1097): CodeIgniter\View\View->render('users/profile', Array, true)
#8 C:\xampp\htdocs\afil\app\Controllers\User.php(201): view('users/profile', Array)
#9 C:\xampp\htdocs\afil\system\CodeIgniter.php(824): App\Controllers\User->user_profile('2')
#10 C:\xampp\htdocs\afil\system\CodeIgniter.php(410): CodeIgniter\CodeIgniter->runController(Object(App\Controllers\User))
#11 C:\xampp\htdocs\afil\system\CodeIgniter.php(318): CodeIgniter\CodeIgniter->handleRequest(NULL, Object(Config\Cache), false)
#12 C:\xampp\htdocs\afil\index.php(37): CodeIgniter\CodeIgniter->run()
#13 {main}
CRITICAL - 2022-02-25 14:54:27 --> Undefined variable: validation
#0 C:\xampp\htdocs\afil\app\Views\modals\change_profile_pic.php(14): CodeIgniter\Debug\Exceptions->errorHandler(8, 'Undefined varia...', 'C:\\xampp\\htdocs...', 14, Array)
#1 C:\xampp\htdocs\afil\system\View\View.php(214): include('C:\\xampp\\htdocs...')
#2 C:\xampp\htdocs\afil\system\View\View.php(217): CodeIgniter\View\View->CodeIgniter\View\{closure}()
#3 C:\xampp\htdocs\afil\system\View\View.php(432): CodeIgniter\View\View->render('modals/change_p...', NULL, true)
#4 C:\xampp\htdocs\afil\app\Views\users\profile.php(27): CodeIgniter\View\View->include('modals/change_p...')
#5 C:\xampp\htdocs\afil\system\View\View.php(214): include('C:\\xampp\\htdocs...')
#6 C:\xampp\htdocs\afil\system\View\View.php(217): CodeIgniter\View\View->CodeIgniter\View\{closure}()
#7 C:\xampp\htdocs\afil\system\Common.php(1097): CodeIgniter\View\View->render('users/profile', Array, true)
#8 C:\xampp\htdocs\afil\app\Controllers\User.php(201): view('users/profile', Array)
#9 C:\xampp\htdocs\afil\system\CodeIgniter.php(824): App\Controllers\User->user_profile('2')
#10 C:\xampp\htdocs\afil\system\CodeIgniter.php(410): CodeIgniter\CodeIgniter->runController(Object(App\Controllers\User))
#11 C:\xampp\htdocs\afil\system\CodeIgniter.php(318): CodeIgniter\CodeIgniter->handleRequest(NULL, Object(Config\Cache), false)
#12 C:\xampp\htdocs\afil\index.php(37): CodeIgniter\CodeIgniter->run()
#13 {main}
CRITICAL - 2022-02-25 15:08:18 --> Undefined variable: validation
#0 C:\xampp\htdocs\afil\app\Views\modals\change_profile_pic.php(14): CodeIgniter\Debug\Exceptions->errorHandler(8, 'Undefined varia...', 'C:\\xampp\\htdocs...', 14, Array)
#1 C:\xampp\htdocs\afil\system\View\View.php(214): include('C:\\xampp\\htdocs...')
#2 C:\xampp\htdocs\afil\system\View\View.php(217): CodeIgniter\View\View->CodeIgniter\View\{closure}()
#3 C:\xampp\htdocs\afil\system\View\View.php(432): CodeIgniter\View\View->render('modals/change_p...', NULL, true)
#4 C:\xampp\htdocs\afil\app\Views\users\profile.php(27): CodeIgniter\View\View->include('modals/change_p...')
#5 C:\xampp\htdocs\afil\system\View\View.php(214): include('C:\\xampp\\htdocs...')
#6 C:\xampp\htdocs\afil\system\View\View.php(217): CodeIgniter\View\View->CodeIgniter\View\{closure}()
#7 C:\xampp\htdocs\afil\system\Common.php(1097): CodeIgniter\View\View->render('users/profile', Array, true)
#8 C:\xampp\htdocs\afil\app\Controllers\User.php(201): view('users/profile', Array)
#9 C:\xampp\htdocs\afil\system\CodeIgniter.php(824): App\Controllers\User->user_profile('2')
#10 C:\xampp\htdocs\afil\system\CodeIgniter.php(410): CodeIgniter\CodeIgniter->runController(Object(App\Controllers\User))
#11 C:\xampp\htdocs\afil\system\CodeIgniter.php(318): CodeIgniter\CodeIgniter->handleRequest(NULL, Object(Config\Cache), false)
#12 C:\xampp\htdocs\afil\index.php(37): CodeIgniter\CodeIgniter->run()
#13 {main}
CRITICAL - 2022-02-25 15:14:34 --> Undefined variable: validation
#0 C:\xampp\htdocs\afil\app\Views\modals\change_profile_pic.php(14): CodeIgniter\Debug\Exceptions->errorHandler(8, 'Undefined varia...', 'C:\\xampp\\htdocs...', 14, Array)
#1 C:\xampp\htdocs\afil\system\View\View.php(214): include('C:\\xampp\\htdocs...')
#2 C:\xampp\htdocs\afil\system\View\View.php(217): CodeIgniter\View\View->CodeIgniter\View\{closure}()
#3 C:\xampp\htdocs\afil\system\View\View.php(432): CodeIgniter\View\View->render('modals/change_p...', NULL, true)
#4 C:\xampp\htdocs\afil\app\Views\users\profile.php(27): CodeIgniter\View\View->include('modals/change_p...')
#5 C:\xampp\htdocs\afil\system\View\View.php(214): include('C:\\xampp\\htdocs...')
#6 C:\xampp\htdocs\afil\system\View\View.php(217): CodeIgniter\View\View->CodeIgniter\View\{closure}()
#7 C:\xampp\htdocs\afil\system\Common.php(1097): CodeIgniter\View\View->render('users/profile', Array, true)
#8 C:\xampp\htdocs\afil\app\Controllers\User.php(201): view('users/profile', Array)
#9 C:\xampp\htdocs\afil\system\CodeIgniter.php(824): App\Controllers\User->user_profile('2')
#10 C:\xampp\htdocs\afil\system\CodeIgniter.php(410): CodeIgniter\CodeIgniter->runController(Object(App\Controllers\User))
#11 C:\xampp\htdocs\afil\system\CodeIgniter.php(318): CodeIgniter\CodeIgniter->handleRequest(NULL, Object(Config\Cache), false)
#12 C:\xampp\htdocs\afil\index.php(37): CodeIgniter\CodeIgniter->run()
#13 {main}
CRITICAL - 2022-02-25 15:14:39 --> Undefined variable: validation
#0 C:\xampp\htdocs\afil\app\Views\modals\change_profile_pic.php(14): CodeIgniter\Debug\Exceptions->errorHandler(8, 'Undefined varia...', 'C:\\xampp\\htdocs...', 14, Array)
#1 C:\xampp\htdocs\afil\system\View\View.php(214): include('C:\\xampp\\htdocs...')
#2 C:\xampp\htdocs\afil\system\View\View.php(217): CodeIgniter\View\View->CodeIgniter\View\{closure}()
#3 C:\xampp\htdocs\afil\system\View\View.php(432): CodeIgniter\View\View->render('modals/change_p...', NULL, true)
#4 C:\xampp\htdocs\afil\app\Views\users\profile.php(27): CodeIgniter\View\View->include('modals/change_p...')
#5 C:\xampp\htdocs\afil\system\View\View.php(214): include('C:\\xampp\\htdocs...')
#6 C:\xampp\htdocs\afil\system\View\View.php(217): CodeIgniter\View\View->CodeIgniter\View\{closure}()
#7 C:\xampp\htdocs\afil\system\Common.php(1097): CodeIgniter\View\View->render('users/profile', Array, true)
#8 C:\xampp\htdocs\afil\app\Controllers\User.php(201): view('users/profile', Array)
#9 C:\xampp\htdocs\afil\system\CodeIgniter.php(824): App\Controllers\User->user_profile('2')
#10 C:\xampp\htdocs\afil\system\CodeIgniter.php(410): CodeIgniter\CodeIgniter->runController(Object(App\Controllers\User))
#11 C:\xampp\htdocs\afil\system\CodeIgniter.php(318): CodeIgniter\CodeIgniter->handleRequest(NULL, Object(Config\Cache), false)
#12 C:\xampp\htdocs\afil\index.php(37): CodeIgniter\CodeIgniter->run()
#13 {main}
CRITICAL - 2022-02-25 15:15:35 --> Undefined variable: validation
#0 C:\xampp\htdocs\afil\app\Views\modals\change_profile_pic.php(13): CodeIgniter\Debug\Exceptions->errorHandler(8, 'Undefined varia...', 'C:\\xampp\\htdocs...', 13, Array)
#1 C:\xampp\htdocs\afil\system\View\View.php(214): include('C:\\xampp\\htdocs...')
#2 C:\xampp\htdocs\afil\system\View\View.php(217): CodeIgniter\View\View->CodeIgniter\View\{closure}()
#3 C:\xampp\htdocs\afil\system\View\View.php(432): CodeIgniter\View\View->render('modals/change_p...', NULL, true)
#4 C:\xampp\htdocs\afil\app\Views\users\profile.php(27): CodeIgniter\View\View->include('modals/change_p...')
#5 C:\xampp\htdocs\afil\system\View\View.php(214): include('C:\\xampp\\htdocs...')
#6 C:\xampp\htdocs\afil\system\View\View.php(217): CodeIgniter\View\View->CodeIgniter\View\{closure}()
#7 C:\xampp\htdocs\afil\system\Common.php(1097): CodeIgniter\View\View->render('users/profile', Array, true)
#8 C:\xampp\htdocs\afil\app\Controllers\User.php(201): view('users/profile', Array)
#9 C:\xampp\htdocs\afil\system\CodeIgniter.php(824): App\Controllers\User->user_profile('2')
#10 C:\xampp\htdocs\afil\system\CodeIgniter.php(410): CodeIgniter\CodeIgniter->runController(Object(App\Controllers\User))
#11 C:\xampp\htdocs\afil\system\CodeIgniter.php(318): CodeIgniter\CodeIgniter->handleRequest(NULL, Object(Config\Cache), false)
#12 C:\xampp\htdocs\afil\index.php(37): CodeIgniter\CodeIgniter->run()
#13 {main}
CRITICAL - 2022-02-25 15:16:11 --> Undefined variable: validation
#0 C:\xampp\htdocs\afil\app\Views\modals\change_profile_pic.php(13): CodeIgniter\Debug\Exceptions->errorHandler(8, 'Undefined varia...', 'C:\\xampp\\htdocs...', 13, Array)
#1 C:\xampp\htdocs\afil\system\View\View.php(214): include('C:\\xampp\\htdocs...')
#2 C:\xampp\htdocs\afil\system\View\View.php(217): CodeIgniter\View\View->CodeIgniter\View\{closure}()
#3 C:\xampp\htdocs\afil\system\View\View.php(432): CodeIgniter\View\View->render('modals/change_p...', NULL, true)
#4 C:\xampp\htdocs\afil\app\Views\users\profile.php(27): CodeIgniter\View\View->include('modals/change_p...')
#5 C:\xampp\htdocs\afil\system\View\View.php(214): include('C:\\xampp\\htdocs...')
#6 C:\xampp\htdocs\afil\system\View\View.php(217): CodeIgniter\View\View->CodeIgniter\View\{closure}()
#7 C:\xampp\htdocs\afil\system\Common.php(1097): CodeIgniter\View\View->render('users/profile', Array, true)
#8 C:\xampp\htdocs\afil\app\Controllers\User.php(201): view('users/profile', Array)
#9 C:\xampp\htdocs\afil\system\CodeIgniter.php(824): App\Controllers\User->user_profile('2')
#10 C:\xampp\htdocs\afil\system\CodeIgniter.php(410): CodeIgniter\CodeIgniter->runController(Object(App\Controllers\User))
#11 C:\xampp\htdocs\afil\system\CodeIgniter.php(318): CodeIgniter\CodeIgniter->handleRequest(NULL, Object(Config\Cache), false)
#12 C:\xampp\htdocs\afil\index.php(37): CodeIgniter\CodeIgniter->run()
#13 {main}
CRITICAL - 2022-02-25 15:16:40 --> syntax error, unexpected '?>'
#0 C:\xampp\htdocs\afil\system\View\View.php(217): CodeIgniter\View\View->CodeIgniter\View\{closure}()
#1 C:\xampp\htdocs\afil\system\View\View.php(432): CodeIgniter\View\View->render('modals/change_p...', NULL, true)
#2 C:\xampp\htdocs\afil\app\Views\users\profile.php(27): CodeIgniter\View\View->include('modals/change_p...')
#3 C:\xampp\htdocs\afil\system\View\View.php(214): include('C:\\xampp\\htdocs...')
#4 C:\xampp\htdocs\afil\system\View\View.php(217): CodeIgniter\View\View->CodeIgniter\View\{closure}()
#5 C:\xampp\htdocs\afil\system\Common.php(1097): CodeIgniter\View\View->render('users/profile', Array, true)
#6 C:\xampp\htdocs\afil\app\Controllers\User.php(201): view('users/profile', Array)
#7 C:\xampp\htdocs\afil\system\CodeIgniter.php(824): App\Controllers\User->user_profile('2')
#8 C:\xampp\htdocs\afil\system\CodeIgniter.php(410): CodeIgniter\CodeIgniter->runController(Object(App\Controllers\User))
#9 C:\xampp\htdocs\afil\system\CodeIgniter.php(318): CodeIgniter\CodeIgniter->handleRequest(NULL, Object(Config\Cache), false)
#10 C:\xampp\htdocs\afil\index.php(37): CodeIgniter\CodeIgniter->run()
#11 {main}
CRITICAL - 2022-02-25 15:17:21 --> syntax error, unexpected '?>'
#0 C:\xampp\htdocs\afil\system\View\View.php(217): CodeIgniter\View\View->CodeIgniter\View\{closure}()
#1 C:\xampp\htdocs\afil\system\View\View.php(432): CodeIgniter\View\View->render('modals/change_p...', NULL, true)
#2 C:\xampp\htdocs\afil\app\Views\users\profile.php(27): CodeIgniter\View\View->include('modals/change_p...')
#3 C:\xampp\htdocs\afil\system\View\View.php(214): include('C:\\xampp\\htdocs...')
#4 C:\xampp\htdocs\afil\system\View\View.php(217): CodeIgniter\View\View->CodeIgniter\View\{closure}()
#5 C:\xampp\htdocs\afil\system\Common.php(1097): CodeIgniter\View\View->render('users/profile', Array, true)
#6 C:\xampp\htdocs\afil\app\Controllers\User.php(201): view('users/profile', Array)
#7 C:\xampp\htdocs\afil\system\CodeIgniter.php(824): App\Controllers\User->user_profile('2')
#8 C:\xampp\htdocs\afil\system\CodeIgniter.php(410): CodeIgniter\CodeIgniter->runController(Object(App\Controllers\User))
#9 C:\xampp\htdocs\afil\system\CodeIgniter.php(318): CodeIgniter\CodeIgniter->handleRequest(NULL, Object(Config\Cache), false)
#10 C:\xampp\htdocs\afil\index.php(37): CodeIgniter\CodeIgniter->run()
#11 {main}
CRITICAL - 2022-02-25 15:17:42 --> Undefined variable: validation
#0 C:\xampp\htdocs\afil\app\Views\modals\change_profile_pic.php(13): CodeIgniter\Debug\Exceptions->errorHandler(8, 'Undefined varia...', 'C:\\xampp\\htdocs...', 13, Array)
#1 C:\xampp\htdocs\afil\system\View\View.php(214): include('C:\\xampp\\htdocs...')
#2 C:\xampp\htdocs\afil\system\View\View.php(217): CodeIgniter\View\View->CodeIgniter\View\{closure}()
#3 C:\xampp\htdocs\afil\system\View\View.php(432): CodeIgniter\View\View->render('modals/change_p...', NULL, true)
#4 C:\xampp\htdocs\afil\app\Views\users\profile.php(27): CodeIgniter\View\View->include('modals/change_p...')
#5 C:\xampp\htdocs\afil\system\View\View.php(214): include('C:\\xampp\\htdocs...')
#6 C:\xampp\htdocs\afil\system\View\View.php(217): CodeIgniter\View\View->CodeIgniter\View\{closure}()
#7 C:\xampp\htdocs\afil\system\Common.php(1097): CodeIgniter\View\View->render('users/profile', Array, true)
#8 C:\xampp\htdocs\afil\app\Controllers\User.php(201): view('users/profile', Array)
#9 C:\xampp\htdocs\afil\system\CodeIgniter.php(824): App\Controllers\User->user_profile('2')
#10 C:\xampp\htdocs\afil\system\CodeIgniter.php(410): CodeIgniter\CodeIgniter->runController(Object(App\Controllers\User))
#11 C:\xampp\htdocs\afil\system\CodeIgniter.php(318): CodeIgniter\CodeIgniter->handleRequest(NULL, Object(Config\Cache), false)
#12 C:\xampp\htdocs\afil\index.php(37): CodeIgniter\CodeIgniter->run()
#13 {main}
