CRITICAL - 2022-03-14 13:04:11 --> syntax error, unexpected ''hod'' (T_CONSTANT_ENCAPSED_STRING), expecting ']'
#0 C:\xampp\htdocs\afil\system\Autoloader\Autoloader.php(241): CodeIgniter\Autoloader\Autoloader->includeFile('C:\\xampp\\htdocs...')
#1 C:\xampp\htdocs\afil\system\Autoloader\Autoloader.php(219): CodeIgniter\Autoloader\Autoloader->loadInNamespace('App\\Controllers...')
#2 [internal function]: CodeIgniter\Autoloader\Autoloader->loadClass('App\\Controllers...')
#3 [internal function]: spl_autoload_call('App\\Controllers...')
#4 C:\xampp\htdocs\afil\system\CodeIgniter.php(789): class_exists('\\App\\Controller...', true)
#5 C:\xampp\htdocs\afil\system\CodeIgniter.php(397): CodeIgniter\CodeIgniter->startController()
#6 C:\xampp\htdocs\afil\system\CodeIgniter.php(318): CodeIgniter\CodeIgniter->handleRequest(NULL, Object(Config\Cache), false)
#7 C:\xampp\htdocs\afil\index.php(37): CodeIgniter\CodeIgniter->run()
#8 {main}
CRITICAL - 2022-03-14 14:10:46 --> Undefined variable: totalTime
#0 C:\xampp\htdocs\afil\system\Debug\Toolbar\Views\toolbar.tpl.php(40): CodeIgniter\Debug\Exceptions->errorHandler(8, 'Undefined varia...', 'C:\\xampp\\htdocs...', 40, Array)
#1 C:\xampp\htdocs\afil\system\Debug\Toolbar.php(497): include('C:\\xampp\\htdocs...')
#2 C:\xampp\htdocs\afil\system\Debug\Toolbar.php(460): CodeIgniter\Debug\Toolbar->format(Array, 'html')
#3 C:\xampp\htdocs\afil\app\Config\Events.php(48): CodeIgniter\Debug\Toolbar->respond()
#4 C:\xampp\htdocs\afil\system\Events\Events.php(149): CodeIgniter\Events\Events::Config\{closure}()
#5 C:\xampp\htdocs\afil\system\CodeIgniter.php(300): CodeIgniter\Events\Events::trigger('pre_system')
#6 C:\xampp\htdocs\afil\index.php(37): CodeIgniter\CodeIgniter->run()
#7 {main}
ERROR - 2022-03-14 15:11:36 --> Column 'account_number' cannot be null
CRITICAL - 2022-03-14 15:11:36 --> Column 'account_number' cannot be null
#0 C:\xampp\htdocs\afil\system\Database\MySQLi\Connection.php(292): mysqli->query('INSERT INTO `vo...', 0)
#1 C:\xampp\htdocs\afil\system\Database\BaseConnection.php(670): CodeIgniter\Database\MySQLi\Connection->execute('INSERT INTO `vo...')
#2 C:\xampp\htdocs\afil\system\Database\BaseConnection.php(598): CodeIgniter\Database\BaseConnection->simpleQuery('INSERT INTO `vo...')
#3 C:\xampp\htdocs\afil\system\Database\BaseBuilder.php(1759): CodeIgniter\Database\BaseConnection->query('INSERT INTO `vo...', Array, false)
#4 C:\xampp\htdocs\afil\app\Models\VoucherModel.php(103): CodeIgniter\Database\BaseBuilder->insert(Array)
#5 C:\xampp\htdocs\afil\app\Controllers\Voucher.php(120): App\Models\VoucherModel->create(Array)
#6 C:\xampp\htdocs\afil\system\CodeIgniter.php(824): App\Controllers\Voucher->createPettyByCash()
#7 C:\xampp\htdocs\afil\system\CodeIgniter.php(410): CodeIgniter\CodeIgniter->runController(Object(App\Controllers\Voucher))
#8 C:\xampp\htdocs\afil\system\CodeIgniter.php(318): CodeIgniter\CodeIgniter->handleRequest(NULL, Object(Config\Cache), false)
#9 C:\xampp\htdocs\afil\index.php(37): CodeIgniter\CodeIgniter->run()
#10 {main}
CRITICAL - 2022-03-14 15:49:59 --> Undefined variable: hod
#0 C:\xampp\htdocs\afil\app\Views\voucher\viewpettybytransfer.php(44): CodeIgniter\Debug\Exceptions->errorHandler(8, 'Undefined varia...', 'C:\\xampp\\htdocs...', 44, Array)
#1 C:\xampp\htdocs\afil\system\View\View.php(214): include('C:\\xampp\\htdocs...')
#2 C:\xampp\htdocs\afil\system\View\View.php(217): CodeIgniter\View\View->CodeIgniter\View\{closure}()
#3 C:\xampp\htdocs\afil\system\Common.php(1097): CodeIgniter\View\View->render('voucher/viewpet...', Array, true)
#4 C:\xampp\htdocs\afil\app\Controllers\Voucher.php(740): view('voucher/viewpet...', Array)
#5 C:\xampp\htdocs\afil\system\CodeIgniter.php(824): App\Controllers\Voucher->viewpettybytransfer('11')
#6 C:\xampp\htdocs\afil\system\CodeIgniter.php(410): CodeIgniter\CodeIgniter->runController(Object(App\Controllers\Voucher))
#7 C:\xampp\htdocs\afil\system\CodeIgniter.php(318): CodeIgniter\CodeIgniter->handleRequest(NULL, Object(Config\Cache), false)
#8 C:\xampp\htdocs\afil\index.php(37): CodeIgniter\CodeIgniter->run()
#9 {main}
CRITICAL - 2022-03-14 15:51:24 --> Trying to access array offset on value of type null
#0 C:\xampp\htdocs\afil\app\Views\voucher\viewpettybytransfer.php(44): CodeIgniter\Debug\Exceptions->errorHandler(8, 'Trying to acces...', 'C:\\xampp\\htdocs...', 44, Array)
#1 C:\xampp\htdocs\afil\system\View\View.php(214): include('C:\\xampp\\htdocs...')
#2 C:\xampp\htdocs\afil\system\View\View.php(217): CodeIgniter\View\View->CodeIgniter\View\{closure}()
#3 C:\xampp\htdocs\afil\system\Common.php(1097): CodeIgniter\View\View->render('voucher/viewpet...', Array, true)
#4 C:\xampp\htdocs\afil\app\Controllers\Voucher.php(741): view('voucher/viewpet...', Array)
#5 C:\xampp\htdocs\afil\system\CodeIgniter.php(824): App\Controllers\Voucher->viewpettybytransfer('11')
#6 C:\xampp\htdocs\afil\system\CodeIgniter.php(410): CodeIgniter\CodeIgniter->runController(Object(App\Controllers\Voucher))
#7 C:\xampp\htdocs\afil\system\CodeIgniter.php(318): CodeIgniter\CodeIgniter->handleRequest(NULL, Object(Config\Cache), false)
#8 C:\xampp\htdocs\afil\index.php(37): CodeIgniter\CodeIgniter->run()
#9 {main}
CRITICAL - 2022-03-14 16:03:25 --> Trying to access array offset on value of type null
#0 C:\xampp\htdocs\afil\app\Views\voucher\viewpaymentbytransfer.php(43): CodeIgniter\Debug\Exceptions->errorHandler(8, 'Trying to acces...', 'C:\\xampp\\htdocs...', 43, Array)
#1 C:\xampp\htdocs\afil\system\View\View.php(214): include('C:\\xampp\\htdocs...')
#2 C:\xampp\htdocs\afil\system\View\View.php(217): CodeIgniter\View\View->CodeIgniter\View\{closure}()
#3 C:\xampp\htdocs\afil\system\Common.php(1097): CodeIgniter\View\View->render('voucher/viewpay...', Array, true)
#4 C:\xampp\htdocs\afil\app\Controllers\Voucher.php(850): view('voucher/viewpay...', Array)
#5 C:\xampp\htdocs\afil\system\CodeIgniter.php(824): App\Controllers\Voucher->viewpaymentbytransfer('6')
#6 C:\xampp\htdocs\afil\system\CodeIgniter.php(410): CodeIgniter\CodeIgniter->runController(Object(App\Controllers\Voucher))
#7 C:\xampp\htdocs\afil\system\CodeIgniter.php(318): CodeIgniter\CodeIgniter->handleRequest(NULL, Object(Config\Cache), false)
#8 C:\xampp\htdocs\afil\index.php(37): CodeIgniter\CodeIgniter->run()
#9 {main}
CRITICAL - 2022-03-14 16:18:51 --> Trying to access array offset on value of type null
#0 C:\xampp\htdocs\afil\app\Views\voucher\viewpaymentbytransfer.php(43): CodeIgniter\Debug\Exceptions->errorHandler(8, 'Trying to acces...', 'C:\\xampp\\htdocs...', 43, Array)
#1 C:\xampp\htdocs\afil\system\View\View.php(214): include('C:\\xampp\\htdocs...')
#2 C:\xampp\htdocs\afil\system\View\View.php(217): CodeIgniter\View\View->CodeIgniter\View\{closure}()
#3 C:\xampp\htdocs\afil\system\Common.php(1097): CodeIgniter\View\View->render('voucher/viewpay...', Array, true)
#4 C:\xampp\htdocs\afil\app\Controllers\Voucher.php(850): view('voucher/viewpay...', Array)
#5 C:\xampp\htdocs\afil\system\CodeIgniter.php(824): App\Controllers\Voucher->viewpaymentbytransfer('4')
#6 C:\xampp\htdocs\afil\system\CodeIgniter.php(410): CodeIgniter\CodeIgniter->runController(Object(App\Controllers\Voucher))
#7 C:\xampp\htdocs\afil\system\CodeIgniter.php(318): CodeIgniter\CodeIgniter->handleRequest(NULL, Object(Config\Cache), false)
#8 C:\xampp\htdocs\afil\index.php(37): CodeIgniter\CodeIgniter->run()
#9 {main}
CRITICAL - 2022-03-14 16:18:59 --> Trying to access array offset on value of type null
#0 C:\xampp\htdocs\afil\app\Views\voucher\viewpaymentbycash.php(43): CodeIgniter\Debug\Exceptions->errorHandler(8, 'Trying to acces...', 'C:\\xampp\\htdocs...', 43, Array)
#1 C:\xampp\htdocs\afil\system\View\View.php(214): include('C:\\xampp\\htdocs...')
#2 C:\xampp\htdocs\afil\system\View\View.php(217): CodeIgniter\View\View->CodeIgniter\View\{closure}()
#3 C:\xampp\htdocs\afil\system\Common.php(1097): CodeIgniter\View\View->render('voucher/viewpay...', Array, true)
#4 C:\xampp\htdocs\afil\app\Controllers\Voucher.php(822): view('voucher/viewpay...', Array)
#5 C:\xampp\htdocs\afil\system\CodeIgniter.php(824): App\Controllers\Voucher->viewpaymentbycash('3')
#6 C:\xampp\htdocs\afil\system\CodeIgniter.php(410): CodeIgniter\CodeIgniter->runController(Object(App\Controllers\Voucher))
#7 C:\xampp\htdocs\afil\system\CodeIgniter.php(318): CodeIgniter\CodeIgniter->handleRequest(NULL, Object(Config\Cache), false)
#8 C:\xampp\htdocs\afil\index.php(37): CodeIgniter\CodeIgniter->run()
#9 {main}
CRITICAL - 2022-03-14 16:19:04 --> Trying to access array offset on value of type null
#0 C:\xampp\htdocs\afil\app\Views\voucher\viewpettybytransfer.php(44): CodeIgniter\Debug\Exceptions->errorHandler(8, 'Trying to acces...', 'C:\\xampp\\htdocs...', 44, Array)
#1 C:\xampp\htdocs\afil\system\View\View.php(214): include('C:\\xampp\\htdocs...')
#2 C:\xampp\htdocs\afil\system\View\View.php(217): CodeIgniter\View\View->CodeIgniter\View\{closure}()
#3 C:\xampp\htdocs\afil\system\Common.php(1097): CodeIgniter\View\View->render('voucher/viewpet...', Array, true)
#4 C:\xampp\htdocs\afil\app\Controllers\Voucher.php(741): view('voucher/viewpet...', Array)
#5 C:\xampp\htdocs\afil\system\CodeIgniter.php(824): App\Controllers\Voucher->viewpettybytransfer('2')
#6 C:\xampp\htdocs\afil\system\CodeIgniter.php(410): CodeIgniter\CodeIgniter->runController(Object(App\Controllers\Voucher))
#7 C:\xampp\htdocs\afil\system\CodeIgniter.php(318): CodeIgniter\CodeIgniter->handleRequest(NULL, Object(Config\Cache), false)
#8 C:\xampp\htdocs\afil\index.php(37): CodeIgniter\CodeIgniter->run()
#9 {main}
CRITICAL - 2022-03-14 16:19:09 --> Trying to access array offset on value of type null
#0 C:\xampp\htdocs\afil\app\Views\voucher\viewpettybycash.php(44): CodeIgniter\Debug\Exceptions->errorHandler(8, 'Trying to acces...', 'C:\\xampp\\htdocs...', 44, Array)
#1 C:\xampp\htdocs\afil\system\View\View.php(214): include('C:\\xampp\\htdocs...')
#2 C:\xampp\htdocs\afil\system\View\View.php(217): CodeIgniter\View\View->CodeIgniter\View\{closure}()
#3 C:\xampp\htdocs\afil\system\Common.php(1097): CodeIgniter\View\View->render('voucher/viewpet...', Array, true)
#4 C:\xampp\htdocs\afil\app\Controllers\Voucher.php(713): view('voucher/viewpet...', Array)
#5 C:\xampp\htdocs\afil\system\CodeIgniter.php(824): App\Controllers\Voucher->viewpettybycash('1')
#6 C:\xampp\htdocs\afil\system\CodeIgniter.php(410): CodeIgniter\CodeIgniter->runController(Object(App\Controllers\Voucher))
#7 C:\xampp\htdocs\afil\system\CodeIgniter.php(318): CodeIgniter\CodeIgniter->handleRequest(NULL, Object(Config\Cache), false)
#8 C:\xampp\htdocs\afil\index.php(37): CodeIgniter\CodeIgniter->run()
#9 {main}
CRITICAL - 2022-03-14 16:19:23 --> Trying to access array offset on value of type null
#0 C:\xampp\htdocs\afil\app\Views\voucher\viewpettybycash.php(44): CodeIgniter\Debug\Exceptions->errorHandler(8, 'Trying to acces...', 'C:\\xampp\\htdocs...', 44, Array)
#1 C:\xampp\htdocs\afil\system\View\View.php(214): include('C:\\xampp\\htdocs...')
#2 C:\xampp\htdocs\afil\system\View\View.php(217): CodeIgniter\View\View->CodeIgniter\View\{closure}()
#3 C:\xampp\htdocs\afil\system\Common.php(1097): CodeIgniter\View\View->render('voucher/viewpet...', Array, true)
#4 C:\xampp\htdocs\afil\app\Controllers\Voucher.php(713): view('voucher/viewpet...', Array)
#5 C:\xampp\htdocs\afil\system\CodeIgniter.php(824): App\Controllers\Voucher->viewpettybycash('1')
#6 C:\xampp\htdocs\afil\system\CodeIgniter.php(410): CodeIgniter\CodeIgniter->runController(Object(App\Controllers\Voucher))
#7 C:\xampp\htdocs\afil\system\CodeIgniter.php(318): CodeIgniter\CodeIgniter->handleRequest(NULL, Object(Config\Cache), false)
#8 C:\xampp\htdocs\afil\index.php(37): CodeIgniter\CodeIgniter->run()
#9 {main}
CRITICAL - 2022-03-14 16:24:06 --> Trying to access array offset on value of type bool
#0 C:\xampp\htdocs\afil\app\Views\voucher\viewpettybycash.php(44): CodeIgniter\Debug\Exceptions->errorHandler(8, 'Trying to acces...', 'C:\\xampp\\htdocs...', 44, Array)
#1 C:\xampp\htdocs\afil\system\View\View.php(214): include('C:\\xampp\\htdocs...')
#2 C:\xampp\htdocs\afil\system\View\View.php(217): CodeIgniter\View\View->CodeIgniter\View\{closure}()
#3 C:\xampp\htdocs\afil\system\Common.php(1097): CodeIgniter\View\View->render('voucher/viewpet...', Array, true)
#4 C:\xampp\htdocs\afil\app\Controllers\Voucher.php(713): view('voucher/viewpet...', Array)
#5 C:\xampp\htdocs\afil\system\CodeIgniter.php(824): App\Controllers\Voucher->viewpettybycash('1')
#6 C:\xampp\htdocs\afil\system\CodeIgniter.php(410): CodeIgniter\CodeIgniter->runController(Object(App\Controllers\Voucher))
#7 C:\xampp\htdocs\afil\system\CodeIgniter.php(318): CodeIgniter\CodeIgniter->handleRequest(NULL, Object(Config\Cache), false)
#8 C:\xampp\htdocs\afil\index.php(37): CodeIgniter\CodeIgniter->run()
#9 {main}
CRITICAL - 2022-03-14 17:56:41 --> Your zlib.output_compression ini directive is turned on. This will not work well with output buffers.
#0 /home/fatyusor/public_html/e-voucher/app/Config/Events.php(28): CodeIgniter\Exceptions\FrameworkException::forEnabledZlibOutputCompression()
#1 /home/fatyusor/public_html/e-voucher/system/Events/Events.php(149): CodeIgniter\Events\Events::Config\{closure}()
#2 /home/fatyusor/public_html/e-voucher/system/CodeIgniter.php(300): CodeIgniter\Events\Events::trigger('pre_system')
#3 /home/fatyusor/public_html/e-voucher/index.php(37): CodeIgniter\CodeIgniter->run()
#4 {main}
CRITICAL - 2022-03-14 17:59:15 --> Your zlib.output_compression ini directive is turned on. This will not work well with output buffers.
#0 /home/fatyusor/public_html/e-voucher/app/Config/Events.php(28): CodeIgniter\Exceptions\FrameworkException::forEnabledZlibOutputCompression()
#1 /home/fatyusor/public_html/e-voucher/system/Events/Events.php(149): CodeIgniter\Events\Events::Config\{closure}()
#2 /home/fatyusor/public_html/e-voucher/system/CodeIgniter.php(300): CodeIgniter\Events\Events::trigger('pre_system')
#3 /home/fatyusor/public_html/e-voucher/index.php(37): CodeIgniter\CodeIgniter->run()
#4 {main}
CRITICAL - 2022-03-14 18:17:44 --> Call to undefined function display_error()
#0 /home/fatyusor/public_html/e-voucher/system/View/View.php(214): include()
#1 /home/fatyusor/public_html/e-voucher/system/View/View.php(217): CodeIgniter\View\View->CodeIgniter\View\{closure}()
#2 /home/fatyusor/public_html/e-voucher/system/Common.php(1097): CodeIgniter\View\View->render('login', Array, true)
#3 /home/fatyusor/public_html/e-voucher/app/Controllers/Login.php(58): view('login', Array)
#4 /home/fatyusor/public_html/e-voucher/system/CodeIgniter.php(824): App\Controllers\Login->index()
#5 /home/fatyusor/public_html/e-voucher/system/CodeIgniter.php(410): CodeIgniter\CodeIgniter->runController(Object(App\Controllers\Login))
#6 /home/fatyusor/public_html/e-voucher/system/CodeIgniter.php(318): CodeIgniter\CodeIgniter->handleRequest(NULL, Object(Config\Cache), false)
#7 /home/fatyusor/public_html/e-voucher/index.php(37): CodeIgniter\CodeIgniter->run()
#8 {main}
CRITICAL - 2022-03-14 18:18:53 --> Call to undefined function display_error()
#0 /home/fatyusor/public_html/e-voucher/system/View/View.php(214): include()
#1 /home/fatyusor/public_html/e-voucher/system/View/View.php(217): CodeIgniter\View\View->CodeIgniter\View\{closure}()
#2 /home/fatyusor/public_html/e-voucher/system/Common.php(1097): CodeIgniter\View\View->render('login', Array, true)
#3 /home/fatyusor/public_html/e-voucher/app/Controllers/Login.php(58): view('login', Array)
#4 /home/fatyusor/public_html/e-voucher/system/CodeIgniter.php(824): App\Controllers\Login->index()
#5 /home/fatyusor/public_html/e-voucher/system/CodeIgniter.php(410): CodeIgniter\CodeIgniter->runController(Object(App\Controllers\Login))
#6 /home/fatyusor/public_html/e-voucher/system/CodeIgniter.php(318): CodeIgniter\CodeIgniter->handleRequest(NULL, Object(Config\Cache), false)
#7 /home/fatyusor/public_html/e-voucher/index.php(37): CodeIgniter\CodeIgniter->run()
#8 {main}
CRITICAL - 2022-03-14 18:40:32 --> Call to undefined function display_error()
#0 /home/fatyusor/public_html/e-voucher/system/View/View.php(214): include()
#1 /home/fatyusor/public_html/e-voucher/system/View/View.php(217): CodeIgniter\View\View->CodeIgniter\View\{closure}()
#2 /home/fatyusor/public_html/e-voucher/system/Common.php(1097): CodeIgniter\View\View->render('login', Array, true)
#3 /home/fatyusor/public_html/e-voucher/app/Controllers/Login.php(58): view('login', Array)
#4 /home/fatyusor/public_html/e-voucher/system/CodeIgniter.php(824): App\Controllers\Login->index()
#5 /home/fatyusor/public_html/e-voucher/system/CodeIgniter.php(410): CodeIgniter\CodeIgniter->runController(Object(App\Controllers\Login))
#6 /home/fatyusor/public_html/e-voucher/system/CodeIgniter.php(318): CodeIgniter\CodeIgniter->handleRequest(NULL, Object(Config\Cache), false)
#7 /home/fatyusor/public_html/e-voucher/index.php(37): CodeIgniter\CodeIgniter->run()
#8 {main}
