CRITICAL - 2022-05-26 11:34:37 --> Undefined variable $data
#0 /home/ashoolha/afil.ashokashotel.com/app/Controllers/Voucher.php(772): CodeIgniter\Debug\Exceptions->errorHandler()
#1 /home/ashoolha/afil.ashokashotel.com/system/CodeIgniter.php(824): App\Controllers\Voucher->approvepetty()
#2 /home/ashoolha/afil.ashokashotel.com/system/CodeIgniter.php(410): CodeIgniter\CodeIgniter->runController()
#3 /home/ashoolha/afil.ashokashotel.com/system/CodeIgniter.php(318): CodeIgniter\CodeIgniter->handleRequest()
#4 /home/ashoolha/afil.ashokashotel.com/index.php(37): CodeIgniter\CodeIgniter->run()
#5 {main}
CRITICAL - 2022-05-26 14:50:30 --> Undefined variable $data
#0 /home/ashoolha/afil.ashokashotel.com/app/Controllers/Voucher.php(772): CodeIgniter\Debug\Exceptions->errorHandler()
#1 /home/ashoolha/afil.ashokashotel.com/system/CodeIgniter.php(824): App\Controllers\Voucher->approvepetty()
#2 /home/ashoolha/afil.ashokashotel.com/system/CodeIgniter.php(410): CodeIgniter\CodeIgniter->runController()
#3 /home/ashoolha/afil.ashokashotel.com/system/CodeIgniter.php(318): CodeIgniter\CodeIgniter->handleRequest()
#4 /home/ashoolha/afil.ashokashotel.com/index.php(37): CodeIgniter\CodeIgniter->run()
#5 {main}
CRITICAL - 2022-05-26 15:19:20 --> Undefined variable $data
#0 /home/ashoolha/afil.ashokashotel.com/app/Controllers/Voucher.php(907): CodeIgniter\Debug\Exceptions->errorHandler()
#1 /home/ashoolha/afil.ashokashotel.com/system/CodeIgniter.php(824): App\Controllers\Voucher->processpayment()
#2 /home/ashoolha/afil.ashokashotel.com/system/CodeIgniter.php(410): CodeIgniter\CodeIgniter->runController()
#3 /home/ashoolha/afil.ashokashotel.com/system/CodeIgniter.php(318): CodeIgniter\CodeIgniter->handleRequest()
#4 /home/ashoolha/afil.ashokashotel.com/index.php(37): CodeIgniter\CodeIgniter->run()
#5 {main}
CRITICAL - 2022-05-26 16:23:10 --> Undefined variable $data
#0 /home/ashoolha/afil.ashokashotel.com/app/Controllers/Voucher.php(772): CodeIgniter\Debug\Exceptions->errorHandler()
#1 /home/ashoolha/afil.ashokashotel.com/system/CodeIgniter.php(824): App\Controllers\Voucher->approvepetty()
#2 /home/ashoolha/afil.ashokashotel.com/system/CodeIgniter.php(410): CodeIgniter\CodeIgniter->runController()
#3 /home/ashoolha/afil.ashokashotel.com/system/CodeIgniter.php(318): CodeIgniter\CodeIgniter->handleRequest()
#4 /home/ashoolha/afil.ashokashotel.com/index.php(37): CodeIgniter\CodeIgniter->run()
#5 {main}
CRITICAL - 2022-05-26 16:48:13 --> Undefined variable $data
#0 /home/ashoolha/afil.ashokashotel.com/app/Controllers/Voucher.php(881): CodeIgniter\Debug\Exceptions->errorHandler()
#1 /home/ashoolha/afil.ashokashotel.com/system/CodeIgniter.php(824): App\Controllers\Voucher->approvepayment()
#2 /home/ashoolha/afil.ashokashotel.com/system/CodeIgniter.php(410): CodeIgniter\CodeIgniter->runController()
#3 /home/ashoolha/afil.ashokashotel.com/system/CodeIgniter.php(318): CodeIgniter\CodeIgniter->handleRequest()
#4 /home/ashoolha/afil.ashokashotel.com/index.php(37): CodeIgniter\CodeIgniter->run()
#5 {main}
CRITICAL - 2022-05-26 17:04:51 --> Undefined variable $data
#0 /home/ashoolha/afil.ashokashotel.com/app/Controllers/Voucher.php(772): CodeIgniter\Debug\Exceptions->errorHandler()
#1 /home/ashoolha/afil.ashokashotel.com/system/CodeIgniter.php(824): App\Controllers\Voucher->approvepetty()
#2 /home/ashoolha/afil.ashokashotel.com/system/CodeIgniter.php(410): CodeIgniter\CodeIgniter->runController()
#3 /home/ashoolha/afil.ashokashotel.com/system/CodeIgniter.php(318): CodeIgniter\CodeIgniter->handleRequest()
#4 /home/ashoolha/afil.ashokashotel.com/index.php(37): CodeIgniter\CodeIgniter->run()
#5 {main}
CRITICAL - 2022-05-26 17:05:33 --> Undefined variable $data
#0 /home/ashoolha/afil.ashokashotel.com/app/Controllers/Voucher.php(772): CodeIgniter\Debug\Exceptions->errorHandler()
#1 /home/ashoolha/afil.ashokashotel.com/system/CodeIgniter.php(824): App\Controllers\Voucher->approvepetty()
#2 /home/ashoolha/afil.ashokashotel.com/system/CodeIgniter.php(410): CodeIgniter\CodeIgniter->runController()
#3 /home/ashoolha/afil.ashokashotel.com/system/CodeIgniter.php(318): CodeIgniter\CodeIgniter->handleRequest()
#4 /home/ashoolha/afil.ashokashotel.com/index.php(37): CodeIgniter\CodeIgniter->run()
#5 {main}
CRITICAL - 2022-05-26 17:39:52 --> Undefined variable $data
#0 /home/ashoolha/afil.ashokashotel.com/app/Controllers/Voucher.php(772): CodeIgniter\Debug\Exceptions->errorHandler()
#1 /home/ashoolha/afil.ashokashotel.com/system/CodeIgniter.php(824): App\Controllers\Voucher->approvepetty()
#2 /home/ashoolha/afil.ashokashotel.com/system/CodeIgniter.php(410): CodeIgniter\CodeIgniter->runController()
#3 /home/ashoolha/afil.ashokashotel.com/system/CodeIgniter.php(318): CodeIgniter\CodeIgniter->handleRequest()
#4 /home/ashoolha/afil.ashokashotel.com/index.php(37): CodeIgniter\CodeIgniter->run()
#5 {main}
