CRITICAL - 2022-03-01 10:16:09 --> Trying to access array offset on value of type null
#0 C:\xampp\htdocs\afil\app\Views\users\profile.php(23): CodeIgniter\Debug\Exceptions->errorHandler(8, 'Trying to acces...', 'C:\\xampp\\htdocs...', 23, Array)
#1 C:\xampp\htdocs\afil\system\View\View.php(214): include('C:\\xampp\\htdocs...')
#2 C:\xampp\htdocs\afil\system\View\View.php(217): CodeIgniter\View\View->CodeIgniter\View\{closure}()
#3 C:\xampp\htdocs\afil\system\Common.php(1097): CodeIgniter\View\View->render('users/profile', Array, true)
#4 C:\xampp\htdocs\afil\app\Controllers\User.php(203): view('users/profile', Array)
#5 C:\xampp\htdocs\afil\system\CodeIgniter.php(824): App\Controllers\User->user_profile('2')
#6 C:\xampp\htdocs\afil\system\CodeIgniter.php(410): CodeIgniter\CodeIgniter->runController(Object(App\Controllers\User))
#7 C:\xampp\htdocs\afil\system\CodeIgniter.php(318): CodeIgniter\CodeIgniter->handleRequest(NULL, Object(Config\Cache), false)
#8 C:\xampp\htdocs\afil\index.php(37): CodeIgniter\CodeIgniter->run()
#9 {main}
CRITICAL - 2022-03-01 10:16:29 --> Trying to access array offset on value of type null
#0 C:\xampp\htdocs\afil\app\Views\users\profile.php(23): CodeIgniter\Debug\Exceptions->errorHandler(8, 'Trying to acces...', 'C:\\xampp\\htdocs...', 23, Array)
#1 C:\xampp\htdocs\afil\system\View\View.php(214): include('C:\\xampp\\htdocs...')
#2 C:\xampp\htdocs\afil\system\View\View.php(217): CodeIgniter\View\View->CodeIgniter\View\{closure}()
#3 C:\xampp\htdocs\afil\system\Common.php(1097): CodeIgniter\View\View->render('users/profile', Array, true)
#4 C:\xampp\htdocs\afil\app\Controllers\User.php(203): view('users/profile', Array)
#5 C:\xampp\htdocs\afil\system\CodeIgniter.php(824): App\Controllers\User->user_profile('2')
#6 C:\xampp\htdocs\afil\system\CodeIgniter.php(410): CodeIgniter\CodeIgniter->runController(Object(App\Controllers\User))
#7 C:\xampp\htdocs\afil\system\CodeIgniter.php(318): CodeIgniter\CodeIgniter->handleRequest(NULL, Object(Config\Cache), false)
#8 C:\xampp\htdocs\afil\index.php(37): CodeIgniter\CodeIgniter->run()
#9 {main}
CRITICAL - 2022-03-01 15:46:00 --> unserialize(): Error at offset 0 of 1 bytes
#0 [internal function]: CodeIgniter\Debug\Exceptions->errorHandler(8, 'unserialize(): ...', 'C:\\xampp\\htdocs...', 38, Array)
#1 C:\xampp\htdocs\afil\app\Views\users\view.php(38): unserialize('2')
#2 C:\xampp\htdocs\afil\system\View\View.php(214): include('C:\\xampp\\htdocs...')
#3 C:\xampp\htdocs\afil\system\View\View.php(217): CodeIgniter\View\View->CodeIgniter\View\{closure}()
#4 C:\xampp\htdocs\afil\system\Common.php(1097): CodeIgniter\View\View->render('users/view', Array, true)
#5 C:\xampp\htdocs\afil\app\Controllers\User.php(175): view('users/view', Array)
#6 C:\xampp\htdocs\afil\system\CodeIgniter.php(824): App\Controllers\User->view()
#7 C:\xampp\htdocs\afil\system\CodeIgniter.php(410): CodeIgniter\CodeIgniter->runController(Object(App\Controllers\User))
#8 C:\xampp\htdocs\afil\system\CodeIgniter.php(318): CodeIgniter\CodeIgniter->handleRequest(NULL, Object(Config\Cache), false)
#9 C:\xampp\htdocs\afil\index.php(37): CodeIgniter\CodeIgniter->run()
#10 {main}
CRITICAL - 2022-03-01 15:47:00 --> unserialize(): Error at offset 0 of 1 bytes
#0 [internal function]: CodeIgniter\Debug\Exceptions->errorHandler(8, 'unserialize(): ...', 'C:\\xampp\\htdocs...', 38, Array)
#1 C:\xampp\htdocs\afil\app\Views\users\view.php(38): unserialize('2')
#2 C:\xampp\htdocs\afil\system\View\View.php(214): include('C:\\xampp\\htdocs...')
#3 C:\xampp\htdocs\afil\system\View\View.php(217): CodeIgniter\View\View->CodeIgniter\View\{closure}()
#4 C:\xampp\htdocs\afil\system\Common.php(1097): CodeIgniter\View\View->render('users/view', Array, true)
#5 C:\xampp\htdocs\afil\app\Controllers\User.php(175): view('users/view', Array)
#6 C:\xampp\htdocs\afil\system\CodeIgniter.php(824): App\Controllers\User->view()
#7 C:\xampp\htdocs\afil\system\CodeIgniter.php(410): CodeIgniter\CodeIgniter->runController(Object(App\Controllers\User))
#8 C:\xampp\htdocs\afil\system\CodeIgniter.php(318): CodeIgniter\CodeIgniter->handleRequest(NULL, Object(Config\Cache), false)
#9 C:\xampp\htdocs\afil\index.php(37): CodeIgniter\CodeIgniter->run()
#10 {main}
CRITICAL - 2022-03-01 15:50:17 --> unserialize(): Error at offset 0 of 1 bytes
#0 [internal function]: CodeIgniter\Debug\Exceptions->errorHandler(8, 'unserialize(): ...', 'C:\\xampp\\htdocs...', 38, Array)
#1 C:\xampp\htdocs\afil\app\Views\users\view.php(38): unserialize('2')
#2 C:\xampp\htdocs\afil\system\View\View.php(214): include('C:\\xampp\\htdocs...')
#3 C:\xampp\htdocs\afil\system\View\View.php(217): CodeIgniter\View\View->CodeIgniter\View\{closure}()
#4 C:\xampp\htdocs\afil\system\Common.php(1097): CodeIgniter\View\View->render('users/view', Array, true)
#5 C:\xampp\htdocs\afil\app\Controllers\User.php(175): view('users/view', Array)
#6 C:\xampp\htdocs\afil\system\CodeIgniter.php(824): App\Controllers\User->view()
#7 C:\xampp\htdocs\afil\system\CodeIgniter.php(410): CodeIgniter\CodeIgniter->runController(Object(App\Controllers\User))
#8 C:\xampp\htdocs\afil\system\CodeIgniter.php(318): CodeIgniter\CodeIgniter->handleRequest(NULL, Object(Config\Cache), false)
#9 C:\xampp\htdocs\afil\index.php(37): CodeIgniter\CodeIgniter->run()
#10 {main}
CRITICAL - 2022-03-01 15:51:20 --> unserialize(): Error at offset 0 of 1 bytes
#0 [internal function]: CodeIgniter\Debug\Exceptions->errorHandler(8, 'unserialize(): ...', 'C:\\xampp\\htdocs...', 38, Array)
#1 C:\xampp\htdocs\afil\app\Views\users\view.php(38): unserialize('2')
#2 C:\xampp\htdocs\afil\system\View\View.php(214): include('C:\\xampp\\htdocs...')
#3 C:\xampp\htdocs\afil\system\View\View.php(217): CodeIgniter\View\View->CodeIgniter\View\{closure}()
#4 C:\xampp\htdocs\afil\system\Common.php(1097): CodeIgniter\View\View->render('users/view', Array, true)
#5 C:\xampp\htdocs\afil\app\Controllers\User.php(175): view('users/view', Array)
#6 C:\xampp\htdocs\afil\system\CodeIgniter.php(824): App\Controllers\User->view()
#7 C:\xampp\htdocs\afil\system\CodeIgniter.php(410): CodeIgniter\CodeIgniter->runController(Object(App\Controllers\User))
#8 C:\xampp\htdocs\afil\system\CodeIgniter.php(318): CodeIgniter\CodeIgniter->handleRequest(NULL, Object(Config\Cache), false)
#9 C:\xampp\htdocs\afil\index.php(37): CodeIgniter\CodeIgniter->run()
#10 {main}
CRITICAL - 2022-03-01 15:53:14 --> unserialize(): Error at offset 0 of 1 bytes
#0 [internal function]: CodeIgniter\Debug\Exceptions->errorHandler(8, 'unserialize(): ...', 'C:\\xampp\\htdocs...', 38, Array)
#1 C:\xampp\htdocs\afil\app\Views\users\view.php(38): unserialize('2')
#2 C:\xampp\htdocs\afil\system\View\View.php(214): include('C:\\xampp\\htdocs...')
#3 C:\xampp\htdocs\afil\system\View\View.php(217): CodeIgniter\View\View->CodeIgniter\View\{closure}()
#4 C:\xampp\htdocs\afil\system\Common.php(1097): CodeIgniter\View\View->render('users/view', Array, true)
#5 C:\xampp\htdocs\afil\app\Controllers\User.php(175): view('users/view', Array)
#6 C:\xampp\htdocs\afil\system\CodeIgniter.php(824): App\Controllers\User->view()
#7 C:\xampp\htdocs\afil\system\CodeIgniter.php(410): CodeIgniter\CodeIgniter->runController(Object(App\Controllers\User))
#8 C:\xampp\htdocs\afil\system\CodeIgniter.php(318): CodeIgniter\CodeIgniter->handleRequest(NULL, Object(Config\Cache), false)
#9 C:\xampp\htdocs\afil\index.php(37): CodeIgniter\CodeIgniter->run()
#10 {main}
CRITICAL - 2022-03-01 15:53:40 --> Trying to access array offset on value of type null
#0 C:\xampp\htdocs\afil\system\Controller.php(213): CodeIgniter\Debug\Exceptions->errorHandler(8, 'Trying to acces...', 'C:\\xampp\\htdocs...', 213, Array)
#1 C:\xampp\htdocs\afil\system\CodeIgniter.php(801): CodeIgniter\Controller->__construct()
#2 C:\xampp\htdocs\afil\system\CodeIgniter.php(401): CodeIgniter\CodeIgniter->createController()
#3 C:\xampp\htdocs\afil\system\CodeIgniter.php(318): CodeIgniter\CodeIgniter->handleRequest(NULL, Object(Config\Cache), false)
#4 C:\xampp\htdocs\afil\index.php(37): CodeIgniter\CodeIgniter->run()
#5 {main}
CRITICAL - 2022-03-01 16:05:02 --> Trying to access array offset on value of type null
#0 C:\xampp\htdocs\afil\system\Controller.php(213): CodeIgniter\Debug\Exceptions->errorHandler(8, 'Trying to acces...', 'C:\\xampp\\htdocs...', 213, Array)
#1 C:\xampp\htdocs\afil\system\CodeIgniter.php(801): CodeIgniter\Controller->__construct()
#2 C:\xampp\htdocs\afil\system\CodeIgniter.php(401): CodeIgniter\CodeIgniter->createController()
#3 C:\xampp\htdocs\afil\system\CodeIgniter.php(318): CodeIgniter\CodeIgniter->handleRequest(NULL, Object(Config\Cache), false)
#4 C:\xampp\htdocs\afil\index.php(37): CodeIgniter\CodeIgniter->run()
#5 {main}
CRITICAL - 2022-03-01 16:05:21 --> Undefined variable: roles
#0 C:\xampp\htdocs\afil\system\Controller.php(212): CodeIgniter\Debug\Exceptions->errorHandler(8, 'Undefined varia...', 'C:\\xampp\\htdocs...', 212, Array)
#1 C:\xampp\htdocs\afil\system\CodeIgniter.php(801): CodeIgniter\Controller->__construct()
#2 C:\xampp\htdocs\afil\system\CodeIgniter.php(401): CodeIgniter\CodeIgniter->createController()
#3 C:\xampp\htdocs\afil\system\CodeIgniter.php(318): CodeIgniter\CodeIgniter->handleRequest(NULL, Object(Config\Cache), false)
#4 C:\xampp\htdocs\afil\index.php(37): CodeIgniter\CodeIgniter->run()
#5 {main}
ERROR - 2022-03-01 16:31:06 --> Illegal parameter data types int and row for operation '='
CRITICAL - 2022-03-01 16:31:06 --> Illegal parameter data types int and row for operation '='
#0 C:\xampp\htdocs\afil\system\Database\MySQLi\Connection.php(292): mysqli->query('SELECT *\nFROM `...', 0)
#1 C:\xampp\htdocs\afil\system\Database\BaseConnection.php(670): CodeIgniter\Database\MySQLi\Connection->execute('SELECT *\nFROM `...')
#2 C:\xampp\htdocs\afil\system\Database\BaseConnection.php(598): CodeIgniter\Database\BaseConnection->simpleQuery('SELECT *\nFROM `...')
#3 C:\xampp\htdocs\afil\system\Database\BaseBuilder.php(1443): CodeIgniter\Database\BaseConnection->query('SELECT *\nFROM `...', Array, false)
#4 C:\xampp\htdocs\afil\app\Models\SettingsModel.php(23): CodeIgniter\Database\BaseBuilder->get()
#5 C:\xampp\htdocs\afil\system\Controller.php(211): App\Models\SettingsModel->getUserRole(Array)
#6 C:\xampp\htdocs\afil\system\CodeIgniter.php(801): CodeIgniter\Controller->__construct()
#7 C:\xampp\htdocs\afil\system\CodeIgniter.php(401): CodeIgniter\CodeIgniter->createController()
#8 C:\xampp\htdocs\afil\system\CodeIgniter.php(318): CodeIgniter\CodeIgniter->handleRequest(NULL, Object(Config\Cache), false)
#9 C:\xampp\htdocs\afil\index.php(37): CodeIgniter\CodeIgniter->run()
#10 {main}
ERROR - 2022-03-01 16:57:06 --> Illegal parameter data types int and row for operation '='
CRITICAL - 2022-03-01 16:57:06 --> Illegal parameter data types int and row for operation '='
#0 C:\xampp\htdocs\afil\system\Database\MySQLi\Connection.php(292): mysqli->query('SELECT *\nFROM `...', 0)
#1 C:\xampp\htdocs\afil\system\Database\BaseConnection.php(670): CodeIgniter\Database\MySQLi\Connection->execute('SELECT *\nFROM `...')
#2 C:\xampp\htdocs\afil\system\Database\BaseConnection.php(598): CodeIgniter\Database\BaseConnection->simpleQuery('SELECT *\nFROM `...')
#3 C:\xampp\htdocs\afil\system\Database\BaseBuilder.php(1443): CodeIgniter\Database\BaseConnection->query('SELECT *\nFROM `...', Array, false)
#4 C:\xampp\htdocs\afil\app\Models\SettingsModel.php(23): CodeIgniter\Database\BaseBuilder->get()
#5 C:\xampp\htdocs\afil\system\Controller.php(212): App\Models\SettingsModel->getUserRole(Array)
#6 C:\xampp\htdocs\afil\system\CodeIgniter.php(801): CodeIgniter\Controller->__construct()
#7 C:\xampp\htdocs\afil\system\CodeIgniter.php(401): CodeIgniter\CodeIgniter->createController()
#8 C:\xampp\htdocs\afil\system\CodeIgniter.php(318): CodeIgniter\CodeIgniter->handleRequest(NULL, Object(Config\Cache), false)
#9 C:\xampp\htdocs\afil\index.php(37): CodeIgniter\CodeIgniter->run()
#10 {main}
ERROR - 2022-03-01 16:57:08 --> Illegal parameter data types int and row for operation '='
CRITICAL - 2022-03-01 16:57:08 --> Illegal parameter data types int and row for operation '='
#0 C:\xampp\htdocs\afil\system\Database\MySQLi\Connection.php(292): mysqli->query('SELECT *\nFROM `...', 0)
#1 C:\xampp\htdocs\afil\system\Database\BaseConnection.php(670): CodeIgniter\Database\MySQLi\Connection->execute('SELECT *\nFROM `...')
#2 C:\xampp\htdocs\afil\system\Database\BaseConnection.php(598): CodeIgniter\Database\BaseConnection->simpleQuery('SELECT *\nFROM `...')
#3 C:\xampp\htdocs\afil\system\Database\BaseBuilder.php(1443): CodeIgniter\Database\BaseConnection->query('SELECT *\nFROM `...', Array, false)
#4 C:\xampp\htdocs\afil\app\Models\SettingsModel.php(23): CodeIgniter\Database\BaseBuilder->get()
#5 C:\xampp\htdocs\afil\system\Controller.php(212): App\Models\SettingsModel->getUserRole(Array)
#6 C:\xampp\htdocs\afil\system\CodeIgniter.php(801): CodeIgniter\Controller->__construct()
#7 C:\xampp\htdocs\afil\system\CodeIgniter.php(401): CodeIgniter\CodeIgniter->createController()
#8 C:\xampp\htdocs\afil\system\CodeIgniter.php(318): CodeIgniter\CodeIgniter->handleRequest(NULL, Object(Config\Cache), false)
#9 C:\xampp\htdocs\afil\index.php(37): CodeIgniter\CodeIgniter->run()
#10 {main}
CRITICAL - 2022-03-01 17:00:31 --> Illegal string offset 'permissions'
#0 C:\xampp\htdocs\afil\system\Controller.php(220): CodeIgniter\Debug\Exceptions->errorHandler(2, 'Illegal string ...', 'C:\\xampp\\htdocs...', 220, Array)
#1 C:\xampp\htdocs\afil\system\CodeIgniter.php(801): CodeIgniter\Controller->__construct()
#2 C:\xampp\htdocs\afil\system\CodeIgniter.php(401): CodeIgniter\CodeIgniter->createController()
#3 C:\xampp\htdocs\afil\system\CodeIgniter.php(318): CodeIgniter\CodeIgniter->handleRequest(NULL, Object(Config\Cache), false)
#4 C:\xampp\htdocs\afil\index.php(37): CodeIgniter\CodeIgniter->run()
#5 {main}
CRITICAL - 2022-03-01 17:01:37 --> Illegal string offset 'permissions'
#0 C:\xampp\htdocs\afil\system\Controller.php(220): CodeIgniter\Debug\Exceptions->errorHandler(2, 'Illegal string ...', 'C:\\xampp\\htdocs...', 220, Array)
#1 C:\xampp\htdocs\afil\system\CodeIgniter.php(801): CodeIgniter\Controller->__construct()
#2 C:\xampp\htdocs\afil\system\CodeIgniter.php(401): CodeIgniter\CodeIgniter->createController()
#3 C:\xampp\htdocs\afil\system\CodeIgniter.php(318): CodeIgniter\CodeIgniter->handleRequest(NULL, Object(Config\Cache), false)
#4 C:\xampp\htdocs\afil\index.php(37): CodeIgniter\CodeIgniter->run()
#5 {main}
CRITICAL - 2022-03-01 17:03:45 --> Trying to access array offset on value of type null
#0 C:\xampp\htdocs\afil\app\Views\users\profile.php(23): CodeIgniter\Debug\Exceptions->errorHandler(8, 'Trying to acces...', 'C:\\xampp\\htdocs...', 23, Array)
#1 C:\xampp\htdocs\afil\system\View\View.php(214): include('C:\\xampp\\htdocs...')
#2 C:\xampp\htdocs\afil\system\View\View.php(217): CodeIgniter\View\View->CodeIgniter\View\{closure}()
#3 C:\xampp\htdocs\afil\system\Common.php(1097): CodeIgniter\View\View->render('users/profile', Array, true)
#4 C:\xampp\htdocs\afil\app\Controllers\User.php(212): view('users/profile', Array)
#5 C:\xampp\htdocs\afil\system\CodeIgniter.php(824): App\Controllers\User->user_profile('2')
#6 C:\xampp\htdocs\afil\system\CodeIgniter.php(410): CodeIgniter\CodeIgniter->runController(Object(App\Controllers\User))
#7 C:\xampp\htdocs\afil\system\CodeIgniter.php(318): CodeIgniter\CodeIgniter->handleRequest(NULL, Object(Config\Cache), false)
#8 C:\xampp\htdocs\afil\index.php(37): CodeIgniter\CodeIgniter->run()
#9 {main}
CRITICAL - 2022-03-01 17:06:47 --> Undefined variable: row
#0 C:\xampp\htdocs\afil\app\Views\users\profile.php(24): CodeIgniter\Debug\Exceptions->errorHandler(8, 'Undefined varia...', 'C:\\xampp\\htdocs...', 24, Array)
#1 C:\xampp\htdocs\afil\system\View\View.php(214): include('C:\\xampp\\htdocs...')
#2 C:\xampp\htdocs\afil\system\View\View.php(217): CodeIgniter\View\View->CodeIgniter\View\{closure}()
#3 C:\xampp\htdocs\afil\system\Common.php(1097): CodeIgniter\View\View->render('users/profile', Array, true)
#4 C:\xampp\htdocs\afil\app\Controllers\User.php(212): view('users/profile', Array)
#5 C:\xampp\htdocs\afil\system\CodeIgniter.php(824): App\Controllers\User->user_profile('2')
#6 C:\xampp\htdocs\afil\system\CodeIgniter.php(410): CodeIgniter\CodeIgniter->runController(Object(App\Controllers\User))
#7 C:\xampp\htdocs\afil\system\CodeIgniter.php(318): CodeIgniter\CodeIgniter->handleRequest(NULL, Object(Config\Cache), false)
#8 C:\xampp\htdocs\afil\index.php(37): CodeIgniter\CodeIgniter->run()
#9 {main}
CRITICAL - 2022-03-01 17:14:45 --> Undefined variable: user_permission
#0 C:\xampp\htdocs\afil\app\Controllers\User.php(14): CodeIgniter\Debug\Exceptions->errorHandler(8, 'Undefined varia...', 'C:\\xampp\\htdocs...', 14, Array)
#1 C:\xampp\htdocs\afil\system\CodeIgniter.php(824): App\Controllers\User->create()
#2 C:\xampp\htdocs\afil\system\CodeIgniter.php(410): CodeIgniter\CodeIgniter->runController(Object(App\Controllers\User))
#3 C:\xampp\htdocs\afil\system\CodeIgniter.php(318): CodeIgniter\CodeIgniter->handleRequest(NULL, Object(Config\Cache), false)
#4 C:\xampp\htdocs\afil\index.php(37): CodeIgniter\CodeIgniter->run()
#5 {main}
CRITICAL - 2022-03-01 17:16:38 --> Undefined variable: user_permission
#0 C:\xampp\htdocs\afil\app\Controllers\User.php(14): CodeIgniter\Debug\Exceptions->errorHandler(8, 'Undefined varia...', 'C:\\xampp\\htdocs...', 14, Array)
#1 C:\xampp\htdocs\afil\system\CodeIgniter.php(824): App\Controllers\User->create()
#2 C:\xampp\htdocs\afil\system\CodeIgniter.php(410): CodeIgniter\CodeIgniter->runController(Object(App\Controllers\User))
#3 C:\xampp\htdocs\afil\system\CodeIgniter.php(318): CodeIgniter\CodeIgniter->handleRequest(NULL, Object(Config\Cache), false)
#4 C:\xampp\htdocs\afil\index.php(37): CodeIgniter\CodeIgniter->run()
#5 {main}
CRITICAL - 2022-03-01 17:18:08 --> Undefined variable: permission
#0 C:\xampp\htdocs\afil\app\Controllers\User.php(14): CodeIgniter\Debug\Exceptions->errorHandler(8, 'Undefined varia...', 'C:\\xampp\\htdocs...', 14, Array)
#1 C:\xampp\htdocs\afil\system\CodeIgniter.php(824): App\Controllers\User->create()
#2 C:\xampp\htdocs\afil\system\CodeIgniter.php(410): CodeIgniter\CodeIgniter->runController(Object(App\Controllers\User))
#3 C:\xampp\htdocs\afil\system\CodeIgniter.php(318): CodeIgniter\CodeIgniter->handleRequest(NULL, Object(Config\Cache), false)
#4 C:\xampp\htdocs\afil\index.php(37): CodeIgniter\CodeIgniter->run()
#5 {main}
CRITICAL - 2022-03-01 17:18:10 --> Undefined variable: permission
#0 C:\xampp\htdocs\afil\app\Controllers\User.php(14): CodeIgniter\Debug\Exceptions->errorHandler(8, 'Undefined varia...', 'C:\\xampp\\htdocs...', 14, Array)
#1 C:\xampp\htdocs\afil\system\CodeIgniter.php(824): App\Controllers\User->create()
#2 C:\xampp\htdocs\afil\system\CodeIgniter.php(410): CodeIgniter\CodeIgniter->runController(Object(App\Controllers\User))
#3 C:\xampp\htdocs\afil\system\CodeIgniter.php(318): CodeIgniter\CodeIgniter->handleRequest(NULL, Object(Config\Cache), false)
#4 C:\xampp\htdocs\afil\index.php(37): CodeIgniter\CodeIgniter->run()
#5 {main}
CRITICAL - 2022-03-01 17:18:12 --> Undefined variable: permission
#0 C:\xampp\htdocs\afil\app\Controllers\User.php(14): CodeIgniter\Debug\Exceptions->errorHandler(8, 'Undefined varia...', 'C:\\xampp\\htdocs...', 14, Array)
#1 C:\xampp\htdocs\afil\system\CodeIgniter.php(824): App\Controllers\User->create()
#2 C:\xampp\htdocs\afil\system\CodeIgniter.php(410): CodeIgniter\CodeIgniter->runController(Object(App\Controllers\User))
#3 C:\xampp\htdocs\afil\system\CodeIgniter.php(318): CodeIgniter\CodeIgniter->handleRequest(NULL, Object(Config\Cache), false)
#4 C:\xampp\htdocs\afil\index.php(37): CodeIgniter\CodeIgniter->run()
#5 {main}
CRITICAL - 2022-03-01 17:29:09 --> syntax error, unexpected '!'
#0 C:\xampp\htdocs\afil\system\Autoloader\Autoloader.php(241): CodeIgniter\Autoloader\Autoloader->includeFile('C:\\xampp\\htdocs...')
#1 C:\xampp\htdocs\afil\system\Autoloader\Autoloader.php(219): CodeIgniter\Autoloader\Autoloader->loadInNamespace('App\\Controllers...')
#2 [internal function]: CodeIgniter\Autoloader\Autoloader->loadClass('App\\Controllers...')
#3 [internal function]: spl_autoload_call('App\\Controllers...')
#4 C:\xampp\htdocs\afil\system\CodeIgniter.php(789): class_exists('\\App\\Controller...', true)
#5 C:\xampp\htdocs\afil\system\CodeIgniter.php(397): CodeIgniter\CodeIgniter->startController()
#6 C:\xampp\htdocs\afil\system\CodeIgniter.php(318): CodeIgniter\CodeIgniter->handleRequest(NULL, Object(Config\Cache), false)
#7 C:\xampp\htdocs\afil\index.php(37): CodeIgniter\CodeIgniter->run()
#8 {main}
CRITICAL - 2022-03-01 18:04:37 --> syntax error, unexpected '}', expecting ';' or ','
#0 C:\xampp\htdocs\afil\system\View\View.php(217): CodeIgniter\View\View->CodeIgniter\View\{closure}()
#1 C:\xampp\htdocs\afil\system\Common.php(1097): CodeIgniter\View\View->render('users/edit', Array, true)
#2 C:\xampp\htdocs\afil\app\Controllers\User.php(172): view('users/edit', Array)
#3 C:\xampp\htdocs\afil\system\CodeIgniter.php(824): App\Controllers\User->edit('2')
#4 C:\xampp\htdocs\afil\system\CodeIgniter.php(410): CodeIgniter\CodeIgniter->runController(Object(App\Controllers\User))
#5 C:\xampp\htdocs\afil\system\CodeIgniter.php(318): CodeIgniter\CodeIgniter->handleRequest(NULL, Object(Config\Cache), false)
#6 C:\xampp\htdocs\afil\index.php(37): CodeIgniter\CodeIgniter->run()
#7 {main}
