CRITICAL - 2022-05-24 09:31:09 --> Undefined variable $data
#0 /home/ashoolha/afil.ashokashotel.com/app/Controllers/Voucher.php(907): CodeIgniter\Debug\Exceptions->errorHandler()
#1 /home/ashoolha/afil.ashokashotel.com/system/CodeIgniter.php(824): App\Controllers\Voucher->processpayment()
#2 /home/ashoolha/afil.ashokashotel.com/system/CodeIgniter.php(410): CodeIgniter\CodeIgniter->runController()
#3 /home/ashoolha/afil.ashokashotel.com/system/CodeIgniter.php(318): CodeIgniter\CodeIgniter->handleRequest()
#4 /home/ashoolha/afil.ashokashotel.com/index.php(37): CodeIgniter\CodeIgniter->run()
#5 {main}
CRITICAL - 2022-05-24 09:31:16 --> Undefined variable $data
#0 /home/ashoolha/afil.ashokashotel.com/app/Controllers/Voucher.php(907): CodeIgniter\Debug\Exceptions->errorHandler()
#1 /home/ashoolha/afil.ashokashotel.com/system/CodeIgniter.php(824): App\Controllers\Voucher->processpayment()
#2 /home/ashoolha/afil.ashokashotel.com/system/CodeIgniter.php(410): CodeIgniter\CodeIgniter->runController()
#3 /home/ashoolha/afil.ashokashotel.com/system/CodeIgniter.php(318): CodeIgniter\CodeIgniter->handleRequest()
#4 /home/ashoolha/afil.ashokashotel.com/index.php(37): CodeIgniter\CodeIgniter->run()
#5 {main}
CRITICAL - 2022-05-24 12:17:55 --> Undefined variable $data
#0 /home/ashoolha/afil.ashokashotel.com/app/Controllers/Voucher.php(772): CodeIgniter\Debug\Exceptions->errorHandler()
#1 /home/ashoolha/afil.ashokashotel.com/system/CodeIgniter.php(824): App\Controllers\Voucher->approvepetty()
#2 /home/ashoolha/afil.ashokashotel.com/system/CodeIgniter.php(410): CodeIgniter\CodeIgniter->runController()
#3 /home/ashoolha/afil.ashokashotel.com/system/CodeIgniter.php(318): CodeIgniter\CodeIgniter->handleRequest()
#4 /home/ashoolha/afil.ashokashotel.com/index.php(37): CodeIgniter\CodeIgniter->run()
#5 {main}
CRITICAL - 2022-05-24 12:18:49 --> Undefined variable $data
#0 /home/ashoolha/afil.ashokashotel.com/app/Controllers/Voucher.php(772): CodeIgniter\Debug\Exceptions->errorHandler()
#1 /home/ashoolha/afil.ashokashotel.com/system/CodeIgniter.php(824): App\Controllers\Voucher->approvepetty()
#2 /home/ashoolha/afil.ashokashotel.com/system/CodeIgniter.php(410): CodeIgniter\CodeIgniter->runController()
#3 /home/ashoolha/afil.ashokashotel.com/system/CodeIgniter.php(318): CodeIgniter\CodeIgniter->handleRequest()
#4 /home/ashoolha/afil.ashokashotel.com/index.php(37): CodeIgniter\CodeIgniter->run()
#5 {main}
CRITICAL - 2022-05-24 12:25:28 --> Undefined variable $data
#0 /home/ashoolha/afil.ashokashotel.com/app/Controllers/Voucher.php(772): CodeIgniter\Debug\Exceptions->errorHandler()
#1 /home/ashoolha/afil.ashokashotel.com/system/CodeIgniter.php(824): App\Controllers\Voucher->approvepetty()
#2 /home/ashoolha/afil.ashokashotel.com/system/CodeIgniter.php(410): CodeIgniter\CodeIgniter->runController()
#3 /home/ashoolha/afil.ashokashotel.com/system/CodeIgniter.php(318): CodeIgniter\CodeIgniter->handleRequest()
#4 /home/ashoolha/afil.ashokashotel.com/index.php(37): CodeIgniter\CodeIgniter->run()
#5 {main}
CRITICAL - 2022-05-24 12:37:30 --> Undefined variable $data
#0 /home/ashoolha/afil.ashokashotel.com/app/Controllers/Voucher.php(772): CodeIgniter\Debug\Exceptions->errorHandler()
#1 /home/ashoolha/afil.ashokashotel.com/system/CodeIgniter.php(824): App\Controllers\Voucher->approvepetty()
#2 /home/ashoolha/afil.ashokashotel.com/system/CodeIgniter.php(410): CodeIgniter\CodeIgniter->runController()
#3 /home/ashoolha/afil.ashokashotel.com/system/CodeIgniter.php(318): CodeIgniter\CodeIgniter->handleRequest()
#4 /home/ashoolha/afil.ashokashotel.com/index.php(37): CodeIgniter\CodeIgniter->run()
#5 {main}
