CRITICAL - 2022-03-15 17:30:09 --> Call to undefined function display_error()
#0 /home/fatyusor/public_html/e-voucher/system/View/View.php(214): include()
#1 /home/fatyusor/public_html/e-voucher/system/View/View.php(217): CodeIgniter\View\View->CodeIgniter\View\{closure}()
#2 /home/fatyusor/public_html/e-voucher/system/Common.php(1097): CodeIgniter\View\View->render('login', Array, true)
#3 /home/fatyusor/public_html/e-voucher/app/Controllers/Login.php(58): view('login', Array)
#4 /home/fatyusor/public_html/e-voucher/system/CodeIgniter.php(824): App\Controllers\Login->index()
#5 /home/fatyusor/public_html/e-voucher/system/CodeIgniter.php(410): CodeIgniter\CodeIgniter->runController(Object(App\Controllers\Login))
#6 /home/fatyusor/public_html/e-voucher/system/CodeIgniter.php(318): CodeIgniter\CodeIgniter->handleRequest(NULL, Object(Config\Cache), false)
#7 /home/fatyusor/public_html/e-voucher/index.php(37): CodeIgniter\CodeIgniter->run()
#8 {main}
CRITICAL - 2022-03-15 17:33:13 --> Call to undefined function display_error()
#0 /home/fatyusor/public_html/e-voucher/system/View/View.php(214): include()
#1 /home/fatyusor/public_html/e-voucher/system/View/View.php(217): CodeIgniter\View\View->CodeIgniter\View\{closure}()
#2 /home/fatyusor/public_html/e-voucher/system/Common.php(1097): CodeIgniter\View\View->render('login', Array, true)
#3 /home/fatyusor/public_html/e-voucher/app/Controllers/Login.php(58): view('login', Array)
#4 /home/fatyusor/public_html/e-voucher/system/CodeIgniter.php(824): App\Controllers\Login->index()
#5 /home/fatyusor/public_html/e-voucher/system/CodeIgniter.php(410): CodeIgniter\CodeIgniter->runController(Object(App\Controllers\Login))
#6 /home/fatyusor/public_html/e-voucher/system/CodeIgniter.php(318): CodeIgniter\CodeIgniter->handleRequest(NULL, Object(Config\Cache), false)
#7 /home/fatyusor/public_html/e-voucher/index.php(37): CodeIgniter\CodeIgniter->run()
#8 {main}
CRITICAL - 2022-03-15 21:26:56 --> Call to undefined function display_error()
#0 /home/fatyusor/public_html/e-voucher/system/View/View.php(214): include()
#1 /home/fatyusor/public_html/e-voucher/system/View/View.php(217): CodeIgniter\View\View->CodeIgniter\View\{closure}()
#2 /home/fatyusor/public_html/e-voucher/system/Common.php(1097): CodeIgniter\View\View->render('voucher/createp...', Array, true)
#3 /home/fatyusor/public_html/e-voucher/app/Controllers/Voucher.php(131): view('voucher/createp...', Array)
#4 /home/fatyusor/public_html/e-voucher/system/CodeIgniter.php(824): App\Controllers\Voucher->createPettyByCash()
#5 /home/fatyusor/public_html/e-voucher/system/CodeIgniter.php(410): CodeIgniter\CodeIgniter->runController(Object(App\Controllers\Voucher))
#6 /home/fatyusor/public_html/e-voucher/system/CodeIgniter.php(318): CodeIgniter\CodeIgniter->handleRequest(NULL, Object(Config\Cache), false)
#7 /home/fatyusor/public_html/e-voucher/index.php(37): CodeIgniter\CodeIgniter->run()
#8 {main}
CRITICAL - 2022-03-15 21:27:17 --> Call to undefined function display_error()
#0 /home/fatyusor/public_html/e-voucher/system/View/View.php(214): include()
#1 /home/fatyusor/public_html/e-voucher/system/View/View.php(217): CodeIgniter\View\View->CodeIgniter\View\{closure}()
#2 /home/fatyusor/public_html/e-voucher/system/Common.php(1097): CodeIgniter\View\View->render('voucher/createp...', Array, true)
#3 /home/fatyusor/public_html/e-voucher/app/Controllers/Voucher.php(454): view('voucher/createp...', Array)
#4 /home/fatyusor/public_html/e-voucher/system/CodeIgniter.php(824): App\Controllers\Voucher->createPaymentByCash()
#5 /home/fatyusor/public_html/e-voucher/system/CodeIgniter.php(410): CodeIgniter\CodeIgniter->runController(Object(App\Controllers\Voucher))
#6 /home/fatyusor/public_html/e-voucher/system/CodeIgniter.php(318): CodeIgniter\CodeIgniter->handleRequest(NULL, Object(Config\Cache), false)
#7 /home/fatyusor/public_html/e-voucher/index.php(37): CodeIgniter\CodeIgniter->run()
#8 {main}
CRITICAL - 2022-03-15 21:27:30 --> Call to undefined function display_error()
#0 /home/fatyusor/public_html/e-voucher/system/View/View.php(214): include()
#1 /home/fatyusor/public_html/e-voucher/system/View/View.php(217): CodeIgniter\View\View->CodeIgniter\View\{closure}()
#2 /home/fatyusor/public_html/e-voucher/system/Common.php(1097): CodeIgniter\View\View->render('voucher/createp...', Array, true)
#3 /home/fatyusor/public_html/e-voucher/app/Controllers/Voucher.php(454): view('voucher/createp...', Array)
#4 /home/fatyusor/public_html/e-voucher/system/CodeIgniter.php(824): App\Controllers\Voucher->createPaymentByCash()
#5 /home/fatyusor/public_html/e-voucher/system/CodeIgniter.php(410): CodeIgniter\CodeIgniter->runController(Object(App\Controllers\Voucher))
#6 /home/fatyusor/public_html/e-voucher/system/CodeIgniter.php(318): CodeIgniter\CodeIgniter->handleRequest(NULL, Object(Config\Cache), false)
#7 /home/fatyusor/public_html/e-voucher/index.php(37): CodeIgniter\CodeIgniter->run()
#8 {main}
CRITICAL - 2022-03-15 21:33:01 --> Call to undefined function display_error()
#0 /home/fatyusor/public_html/e-voucher/system/View/View.php(214): include()
#1 /home/fatyusor/public_html/e-voucher/system/View/View.php(217): CodeIgniter\View\View->CodeIgniter\View\{closure}()
#2 /home/fatyusor/public_html/e-voucher/system/Common.php(1097): CodeIgniter\View\View->render('users/change_pa...', Array, true)
#3 /home/fatyusor/public_html/e-voucher/app/Controllers/User.php(283): view('users/change_pa...', Array)
#4 /home/fatyusor/public_html/e-voucher/system/CodeIgniter.php(824): App\Controllers\User->change_password()
#5 /home/fatyusor/public_html/e-voucher/system/CodeIgniter.php(410): CodeIgniter\CodeIgniter->runController(Object(App\Controllers\User))
#6 /home/fatyusor/public_html/e-voucher/system/CodeIgniter.php(318): CodeIgniter\CodeIgniter->handleRequest(NULL, Object(Config\Cache), false)
#7 /home/fatyusor/public_html/e-voucher/index.php(37): CodeIgniter\CodeIgniter->run()
#8 {main}
CRITICAL - 2022-03-15 21:33:26 --> Call to undefined function display_error()
#0 /home/fatyusor/public_html/e-voucher/system/View/View.php(214): include()
#1 /home/fatyusor/public_html/e-voucher/system/View/View.php(217): CodeIgniter\View\View->CodeIgniter\View\{closure}()
#2 /home/fatyusor/public_html/e-voucher/system/Common.php(1097): CodeIgniter\View\View->render('users/change_pa...', Array, true)
#3 /home/fatyusor/public_html/e-voucher/app/Controllers/User.php(283): view('users/change_pa...', Array)
#4 /home/fatyusor/public_html/e-voucher/system/CodeIgniter.php(824): App\Controllers\User->change_password()
#5 /home/fatyusor/public_html/e-voucher/system/CodeIgniter.php(410): CodeIgniter\CodeIgniter->runController(Object(App\Controllers\User))
#6 /home/fatyusor/public_html/e-voucher/system/CodeIgniter.php(318): CodeIgniter\CodeIgniter->handleRequest(NULL, Object(Config\Cache), false)
#7 /home/fatyusor/public_html/e-voucher/index.php(37): CodeIgniter\CodeIgniter->run()
#8 {main}
